2020-01-10 10:07:52,148 INFO [root] [base.py (__init__:16] - 正在初始化driver:<selenium.webdriver.chrome.webdriver.WebDriver (session="50e5309014c361624e3283c8cc346e72")>
2020-01-10 10:07:52,156 INFO [root] [base.py (base_find:24] - 正在查找元素：('css selector', "[placeholder='用户名']")
2020-01-10 10:07:52,236 INFO [root] [base.py (base_input:31] - 正在执行清空操作
2020-01-10 10:07:52,315 INFO [root] [base.py (base_input:34] - 正在给 ('css selector', "[placeholder='用户名']") 元素 执行输入操作：testid
2020-01-10 10:07:52,406 INFO [root] [base.py (base_find:24] - 正在查找元素：('css selector', "[placeholder='密码']")
2020-01-10 10:07:52,427 INFO [root] [base.py (base_input:31] - 正在执行清空操作
2020-01-10 10:07:52,472 INFO [root] [base.py (base_input:34] - 正在给 ('css selector', "[placeholder='密码']") 元素 执行输入操作：testpwd123
2020-01-10 10:09:27,419 INFO [root] [base.py (__init__:16] - 正在初始化driver:<selenium.webdriver.chrome.webdriver.WebDriver (session="1e3defbd8f937b10162ddc9d28589365")>
2020-01-10 10:09:27,423 INFO [root] [base.py (base_find:24] - 正在查找元素：('css selector', "[placeholder='用户名']")
2020-01-10 10:09:27,482 INFO [root] [base.py (base_input:31] - 正在执行清空操作
2020-01-10 10:09:27,541 INFO [root] [base.py (base_input:34] - 正在给 ('css selector', "[placeholder='用户名']") 元素 执行输入操作：testid
2020-01-10 10:09:27,635 INFO [root] [base.py (base_find:24] - 正在查找元素：('css selector', "[placeholder='密码']")
2020-01-10 10:09:27,651 INFO [root] [base.py (base_input:31] - 正在执行清空操作
2020-01-10 10:09:27,691 INFO [root] [base.py (base_input:34] - 正在给 ('css selector', "[placeholder='密码']") 元素 执行输入操作：testpwd123
2020-01-10 10:20:21,385 INFO [root] [base.py (__init__:16] - 正在初始化driver:<selenium.webdriver.chrome.webdriver.WebDriver (session="a2e37e18e3982032b39c186941875feb")>
2020-01-10 10:20:21,389 INFO [root] [base.py (base_find:24] - 正在查找元素：('css selector', "[placeholder='用户名']")
2020-01-10 10:20:21,429 INFO [root] [base.py (base_input:31] - 正在执行清空操作
2020-01-10 10:20:21,488 INFO [root] [base.py (base_input:34] - 正在给 ('css selector', "[placeholder='用户名']") 元素 执行输入操作：testid
2020-01-10 10:20:21,603 INFO [root] [base.py (base_find:24] - 正在查找元素：('css selector', "[placeholder='密码']")
2020-01-10 10:20:21,626 INFO [root] [base.py (base_input:31] - 正在执行清空操作
2020-01-10 10:20:21,689 INFO [root] [base.py (base_input:34] - 正在给 ('css selector', "[placeholder='密码']") 元素 执行输入操作：testpwd123
2020-01-10 10:34:19,621 INFO [root] [base.py (__init__:16] - 正在初始化driver:<selenium.webdriver.chrome.webdriver.WebDriver (session="c8b7dfcdccc89c6edf4f815f7eff0b7b")>
2020-01-10 10:34:19,624 INFO [root] [base.py (base_find:24] - 正在查找元素：('css selector', "[placeholder='用户名']")
2020-01-10 10:34:19,695 INFO [root] [base.py (base_input:31] - 正在执行清空操作
2020-01-10 10:34:19,765 INFO [root] [base.py (base_input:34] - 正在给 ('css selector', "[placeholder='用户名']") 元素 执行输入操作：testid
2020-01-10 10:34:19,868 INFO [root] [base.py (base_find:24] - 正在查找元素：('css selector', "[placeholder='密码']")
2020-01-10 10:34:19,886 INFO [root] [base.py (base_input:31] - 正在执行清空操作
2020-01-10 10:34:19,924 INFO [root] [base.py (base_input:34] - 正在给 ('css selector', "[placeholder='密码']") 元素 执行输入操作：testpwd123
2020-01-10 10:38:35,563 INFO [root] [base.py (__init__:16] - 正在初始化driver:<selenium.webdriver.chrome.webdriver.WebDriver (session="274b4c4bd3a54c2ef58079a87aa38308")>
2020-01-10 10:38:35,565 INFO [root] [base.py (base_find:24] - 正在查找元素：('css selector', "[placeholder='用户名']")
2020-01-10 10:38:35,648 INFO [root] [base.py (base_input:31] - 正在执行清空操作
2020-01-10 10:38:35,723 INFO [root] [base.py (base_input:34] - 正在给 ('css selector', "[placeholder='用户名']") 元素 执行输入操作：testid
2020-01-10 10:38:35,817 INFO [root] [base.py (base_find:24] - 正在查找元素：('css selector', "[placeholder='密码']")
2020-01-10 10:38:35,836 INFO [root] [base.py (base_input:31] - 正在执行清空操作
2020-01-10 10:38:35,872 INFO [root] [base.py (base_input:34] - 正在给 ('css selector', "[placeholder='密码']") 元素 执行输入操作：testpwd123
2020-01-10 10:38:36,005 INFO [root] [base.py (base_click:40] - 正在对 ('css selector', '#inp1') 元素 执行点击操作
2020-01-10 10:38:36,005 INFO [root] [base.py (base_find:24] - 正在查找元素：('css selector', '#inp1')
2020-01-10 10:38:36,095 INFO [root] [base.py (base_find:24] - 正在查找元素：('css selector', '.user_info>span')
2020-01-10 10:38:37,009 INFO [root] [base.py (base_get_text:45] - 正在获取('css selector', '.user_info>span')元素文本值：欢迎 管理员
2020-01-10 10:38:37,010 INFO [root] [base.py (base_find:24] - 正在查找元素：('css selector', '.user_info>span')
2020-01-10 10:40:01,397 INFO [root] [base.py (__init__:16] - 正在初始化driver:<selenium.webdriver.chrome.webdriver.WebDriver (session="50dcc13d8a7b283c86143f1ed2773d56")>
2020-01-10 10:40:01,401 INFO [root] [base.py (base_find:24] - 正在查找元素：('css selector', "[placeholder='用户名']")
2020-01-10 10:40:01,445 INFO [root] [base.py (base_input:31] - 正在执行清空操作
2020-01-10 10:40:01,505 INFO [root] [base.py (base_input:34] - 正在给 ('css selector', "[placeholder='用户名']") 元素 执行输入操作：testid
2020-01-10 10:40:01,618 INFO [root] [base.py (base_find:24] - 正在查找元素：('css selector', "[placeholder='密码']")
2020-01-10 10:40:01,637 INFO [root] [base.py (base_input:31] - 正在执行清空操作
2020-01-10 10:40:01,696 INFO [root] [base.py (base_input:34] - 正在给 ('css selector', "[placeholder='密码']") 元素 执行输入操作：testpwd123
2020-01-10 10:40:01,956 INFO [root] [base.py (base_click:40] - 正在对 ('css selector', '#inp1') 元素 执行点击操作
2020-01-10 10:40:01,957 INFO [root] [base.py (base_find:24] - 正在查找元素：('css selector', '#inp1')
2020-01-10 10:40:02,137 INFO [root] [base.py (base_find:24] - 正在查找元素：('css selector', '.user_info>span')
2020-01-10 10:40:03,186 INFO [root] [base.py (base_get_text:45] - 正在获取('css selector', '.user_info>span')元素文本值：欢迎 管理员
2020-01-10 10:40:03,186 INFO [root] [base.py (base_find:24] - 正在查找元素：('css selector', '.user_info>span')
2020-01-10 10:40:03,234 INFO [root] [base.py (base_find:24] - 正在查找元素：('css selector', '.user_info>span')
2020-01-10 10:40:03,296 INFO [root] [base.py (base_get_text:45] - 正在获取('css selector', '.user_info>span')元素文本值：欢迎 管理员
2020-01-10 10:40:03,297 INFO [root] [base.py (base_find:24] - 正在查找元素：('css selector', '.user_info>span')
2020-01-10 15:17:45,240 INFO [root] [base.py (__init__:16] - 正在初始化driver:<selenium.webdriver.chrome.webdriver.WebDriver (session="4afe8f64e58dbe7ea522b5a506f9dc4b")>
2020-01-10 15:17:45,241 INFO [root] [page_mp_login.py (page_mp_login_success:40] - 正在调用自媒体登录成功业务方法,用户名:13812345678 密码:246810
2020-01-10 15:17:45,241 INFO [root] [base.py (base_find:24] - 正在查找元素：('css selector', "[placeholder='请输入手机号']")
2020-01-10 15:21:26,059 INFO [root] [base.py (__init__:16] - 正在初始化driver:<selenium.webdriver.chrome.webdriver.WebDriver (session="2a314edb2d4b1ed981e2d7cf1c51e2c7")>
2020-01-10 15:21:26,060 INFO [root] [base.py (base_find:24] - 正在查找元素：('css selector', "[placeholder='用户名']")
2020-01-10 15:21:26,079 INFO [root] [base.py (base_input:36] - 正在执行清空操作
2020-01-10 15:21:26,104 INFO [root] [base.py (base_input:39] - 正在给 ('css selector', "[placeholder='用户名']") 元素 执行输入操作：testid
2020-01-10 15:21:26,158 INFO [root] [base.py (base_find:24] - 正在查找元素：('css selector', "[placeholder='密码']")
2020-01-10 15:21:26,169 INFO [root] [base.py (base_input:36] - 正在执行清空操作
2020-01-10 15:21:26,189 INFO [root] [base.py (base_input:39] - 正在给 ('css selector', "[placeholder='密码']") 元素 执行输入操作：testpwd123
2020-01-10 15:21:26,255 INFO [root] [base.py (base_click:45] - 正在对 ('css selector', '#inp1') 元素 执行点击操作
2020-01-10 15:21:26,256 INFO [root] [base.py (base_find:24] - 正在查找元素：('css selector', '#inp1')
2020-01-10 15:21:26,301 INFO [root] [base.py (__init__:16] - 正在初始化driver:<selenium.webdriver.chrome.webdriver.WebDriver (session="2a314edb2d4b1ed981e2d7cf1c51e2c7")>
2020-01-10 15:21:26,302 INFO [root] [base.py (base_click:45] - 正在对 ('xpath', "//*[@class='menu']//*[text()='信息管理']") 元素 执行点击操作
2020-01-10 15:21:26,302 INFO [root] [base.py (base_find:24] - 正在查找元素：('xpath', "//*[@class='menu']//*[text()='信息管理']")
2020-01-10 15:21:28,880 INFO [root] [base.py (base_click:45] - 正在对 ('xpath', "//*[@class='menu']//*[text()='内容审核']") 元素 执行点击操作
2020-01-10 15:21:28,880 INFO [root] [base.py (base_find:24] - 正在查找元素：('xpath', "//*[@class='menu']//*[text()='内容审核']")
2020-01-10 15:21:31,003 INFO [root] [base.py (base_find:24] - 正在查找元素：('css selector', "[placeholder='请输入: 文章名称']")
2020-01-10 15:21:31,037 INFO [root] [base.py (base_input:36] - 正在执行清空操作
2020-01-10 15:21:31,061 INFO [root] [base.py (base_input:39] - 正在给 ('css selector', "[placeholder='请输入: 文章名称']") 元素 执行输入操作：bj-test17-003
2020-01-10 15:21:31,194 INFO [root] [base.py (base_find:24] - 正在查找元素：('css selector', "[placeholder='请输入: 频道']")
2020-01-10 15:21:31,207 INFO [root] [base.py (base_input:36] - 正在执行清空操作
2020-01-10 15:21:31,226 INFO [root] [base.py (base_input:39] - 正在给 ('css selector', "[placeholder='请输入: 频道']") 元素 执行输入操作：数据库
2020-01-10 15:21:31,266 INFO [root] [base.py (base_click:45] - 正在对 ('xpath', "//*[@placeholder='请选择状态']") 元素 执行点击操作
2020-01-10 15:21:31,267 INFO [root] [base.py (base_find:24] - 正在查找元素：('xpath', "//*[@placeholder='请选择状态']")
2020-01-10 15:21:33,323 INFO [root] [base.py (base_finds:29] - 正在查找元素：('css selector', 'ul>li')
2020-01-10 15:21:33,787 INFO [root] [base.py (base_click:45] - 正在对 ('css selector', '.find') 元素 执行点击操作
2020-01-10 15:21:33,787 INFO [root] [base.py (base_find:24] - 正在查找元素：('css selector', '.find')
2020-01-10 15:21:33,850 INFO [root] [base.py (base_click:45] - 正在对 ('xpath', "//*[text()='通过']/..") 元素 执行点击操作
2020-01-10 15:21:33,850 INFO [root] [base.py (base_find:24] - 正在查找元素：('xpath', "//*[text()='通过']/..")
2020-01-10 15:21:33,932 INFO [root] [base.py (base_click:45] - 正在对 ('css selector', '.el-button--primary') 元素 执行点击操作
2020-01-10 15:21:33,932 INFO [root] [base.py (base_find:24] - 正在查找元素：('css selector', '.el-button--primary')
2020-01-10 15:22:25,231 INFO [root] [base.py (__init__:16] - 正在初始化driver:<selenium.webdriver.chrome.webdriver.WebDriver (session="4f0ed234a9becf7a986c5f9d739a37ce")>
2020-01-10 15:22:25,231 INFO [root] [base.py (base_find:24] - 正在查找元素：('css selector', "[placeholder='用户名']")
2020-01-10 15:22:25,244 INFO [root] [base.py (base_input:36] - 正在执行清空操作
2020-01-10 15:22:25,274 INFO [root] [base.py (base_input:39] - 正在给 ('css selector', "[placeholder='用户名']") 元素 执行输入操作：testid
2020-01-10 15:22:25,343 INFO [root] [base.py (base_find:24] - 正在查找元素：('css selector', "[placeholder='密码']")
2020-01-10 15:22:25,353 INFO [root] [base.py (base_input:36] - 正在执行清空操作
2020-01-10 15:22:25,372 INFO [root] [base.py (base_input:39] - 正在给 ('css selector', "[placeholder='密码']") 元素 执行输入操作：testpwd123
2020-01-10 15:22:25,431 INFO [root] [base.py (base_click:45] - 正在对 ('css selector', '#inp1') 元素 执行点击操作
2020-01-10 15:22:25,431 INFO [root] [base.py (base_find:24] - 正在查找元素：('css selector', '#inp1')
2020-01-10 15:22:25,482 INFO [root] [base.py (__init__:16] - 正在初始化driver:<selenium.webdriver.chrome.webdriver.WebDriver (session="4f0ed234a9becf7a986c5f9d739a37ce")>
2020-01-10 15:22:25,482 INFO [root] [base.py (base_click:45] - 正在对 ('xpath', "//*[@class='menu']//*[text()='信息管理']") 元素 执行点击操作
2020-01-10 15:22:25,482 INFO [root] [base.py (base_find:24] - 正在查找元素：('xpath', "//*[@class='menu']//*[text()='信息管理']")
2020-01-10 15:22:28,074 INFO [root] [base.py (base_click:45] - 正在对 ('xpath', "//*[@class='menu']//*[text()='内容审核']") 元素 执行点击操作
2020-01-10 15:22:28,074 INFO [root] [base.py (base_find:24] - 正在查找元素：('xpath', "//*[@class='menu']//*[text()='内容审核']")
2020-01-10 15:22:30,182 INFO [root] [base.py (base_find:24] - 正在查找元素：('css selector', "[placeholder='请输入: 文章名称']")
2020-01-10 15:22:30,192 INFO [root] [base.py (base_input:36] - 正在执行清空操作
2020-01-10 15:22:30,209 INFO [root] [base.py (base_input:39] - 正在给 ('css selector', "[placeholder='请输入: 文章名称']") 元素 执行输入操作：bj-test17-003
2020-01-10 15:22:30,348 INFO [root] [base.py (base_find:24] - 正在查找元素：('css selector', "[placeholder='请输入: 频道']")
2020-01-10 15:22:30,359 INFO [root] [base.py (base_input:36] - 正在执行清空操作
2020-01-10 15:22:30,378 INFO [root] [base.py (base_input:39] - 正在给 ('css selector', "[placeholder='请输入: 频道']") 元素 执行输入操作：数据库
2020-01-10 15:22:30,419 INFO [root] [base.py (base_click:45] - 正在对 ('xpath', "//*[@placeholder='请选择状态']") 元素 执行点击操作
2020-01-10 15:22:30,419 INFO [root] [base.py (base_find:24] - 正在查找元素：('xpath', "//*[@placeholder='请选择状态']")
2020-01-10 15:22:32,512 INFO [root] [base.py (base_finds:29] - 正在查找元素：('css selector', 'ul>li')
2020-01-10 15:22:32,968 INFO [root] [base.py (base_click:45] - 正在对 ('css selector', '.find') 元素 执行点击操作
2020-01-10 15:22:32,968 INFO [root] [base.py (base_find:24] - 正在查找元素：('css selector', '.find')
2020-01-10 15:22:33,029 INFO [root] [base.py (base_click:45] - 正在对 ('xpath', "//*[text()='通过']/..") 元素 执行点击操作
2020-01-10 15:22:33,029 INFO [root] [base.py (base_find:24] - 正在查找元素：('xpath', "//*[text()='通过']/..")
2020-01-10 15:22:33,091 INFO [root] [base.py (base_click:45] - 正在对 ('css selector', '.el-button--primary') 元素 执行点击操作
2020-01-10 15:22:33,091 INFO [root] [base.py (base_find:24] - 正在查找元素：('css selector', '.el-button--primary')
2020-01-10 15:24:24,481 INFO [root] [base.py (__init__:16] - 正在初始化driver:<selenium.webdriver.chrome.webdriver.WebDriver (session="6c242a3141c8eb86f26beca41c2cb609")>
2020-01-10 15:24:24,481 INFO [root] [base.py (base_find:24] - 正在查找元素：('css selector', "[placeholder='用户名']")
2020-01-10 15:24:24,506 INFO [root] [base.py (base_input:36] - 正在执行清空操作
2020-01-10 15:24:24,532 INFO [root] [base.py (base_input:39] - 正在给 ('css selector', "[placeholder='用户名']") 元素 执行输入操作：testid
2020-01-10 15:24:24,596 INFO [root] [base.py (base_find:24] - 正在查找元素：('css selector', "[placeholder='密码']")
2020-01-10 15:24:24,607 INFO [root] [base.py (base_input:36] - 正在执行清空操作
2020-01-10 15:24:24,626 INFO [root] [base.py (base_input:39] - 正在给 ('css selector', "[placeholder='密码']") 元素 执行输入操作：testpwd123
2020-01-10 15:24:24,686 INFO [root] [base.py (base_click:45] - 正在对 ('css selector', '#inp1') 元素 执行点击操作
2020-01-10 15:24:24,686 INFO [root] [base.py (base_find:24] - 正在查找元素：('css selector', '#inp1')
2020-01-10 15:24:24,732 INFO [root] [base.py (__init__:16] - 正在初始化driver:<selenium.webdriver.chrome.webdriver.WebDriver (session="6c242a3141c8eb86f26beca41c2cb609")>
2020-01-10 15:24:24,733 INFO [root] [base.py (base_click:45] - 正在对 ('xpath', "//*[@class='menu']//*[text()='信息管理']") 元素 执行点击操作
2020-01-10 15:24:24,733 INFO [root] [base.py (base_find:24] - 正在查找元素：('xpath', "//*[@class='menu']//*[text()='信息管理']")
2020-01-10 15:24:27,313 INFO [root] [base.py (base_click:45] - 正在对 ('xpath', "//*[@class='menu']//*[text()='内容审核']") 元素 执行点击操作
2020-01-10 15:24:27,313 INFO [root] [base.py (base_find:24] - 正在查找元素：('xpath', "//*[@class='menu']//*[text()='内容审核']")
2020-01-10 15:24:29,442 INFO [root] [base.py (base_find:24] - 正在查找元素：('css selector', "[placeholder='请输入: 文章名称']")
2020-01-10 15:24:29,462 INFO [root] [base.py (base_input:36] - 正在执行清空操作
2020-01-10 15:24:29,479 INFO [root] [base.py (base_input:39] - 正在给 ('css selector', "[placeholder='请输入: 文章名称']") 元素 执行输入操作：bj-test17-003
2020-01-10 15:24:29,595 INFO [root] [base.py (base_find:24] - 正在查找元素：('css selector', "[placeholder='请输入: 频道']")
2020-01-10 15:24:29,610 INFO [root] [base.py (base_input:36] - 正在执行清空操作
2020-01-10 15:24:29,630 INFO [root] [base.py (base_input:39] - 正在给 ('css selector', "[placeholder='请输入: 频道']") 元素 执行输入操作：数据库
2020-01-10 15:24:29,676 INFO [root] [base.py (base_click:45] - 正在对 ('xpath', "//*[@placeholder='请选择状态']") 元素 执行点击操作
2020-01-10 15:24:29,676 INFO [root] [base.py (base_find:24] - 正在查找元素：('xpath', "//*[@placeholder='请选择状态']")
2020-01-10 15:24:31,757 INFO [root] [base.py (base_finds:29] - 正在查找元素：('css selector', 'ul>li')
2020-01-10 15:24:32,228 INFO [root] [base.py (base_click:45] - 正在对 ('css selector', '.find') 元素 执行点击操作
2020-01-10 15:24:32,229 INFO [root] [base.py (base_find:24] - 正在查找元素：('css selector', '.find')
2020-01-10 15:24:32,289 INFO [root] [base.py (base_click:45] - 正在对 ('xpath', "//*[text()='通过']/..") 元素 执行点击操作
2020-01-10 15:24:32,290 INFO [root] [base.py (base_find:24] - 正在查找元素：('xpath', "//*[text()='通过']/..")
2020-01-10 15:24:35,378 INFO [root] [base.py (base_click:45] - 正在对 ('css selector', '.el-button--primary') 元素 执行点击操作
2020-01-10 15:24:35,378 INFO [root] [base.py (base_find:24] - 正在查找元素：('css selector', '.el-button--primary')
2020-01-10 15:29:19,313 INFO [root] [base.py (__init__:16] - 正在初始化driver:<selenium.webdriver.chrome.webdriver.WebDriver (session="bd9490e6517e94478b7344b57be60f7b")>
2020-01-10 15:29:19,314 INFO [root] [base.py (base_find:24] - 正在查找元素：('css selector', "[placeholder='用户名']")
2020-01-10 15:29:19,329 INFO [root] [base.py (base_input:36] - 正在执行清空操作
2020-01-10 15:29:19,349 INFO [root] [base.py (base_input:39] - 正在给 ('css selector', "[placeholder='用户名']") 元素 执行输入操作：testid
2020-01-10 15:29:19,400 INFO [root] [base.py (base_find:24] - 正在查找元素：('css selector', "[placeholder='密码']")
2020-01-10 15:29:19,409 INFO [root] [base.py (base_input:36] - 正在执行清空操作
2020-01-10 15:29:19,430 INFO [root] [base.py (base_input:39] - 正在给 ('css selector', "[placeholder='密码']") 元素 执行输入操作：testpwd123
2020-01-10 15:29:19,520 INFO [root] [base.py (base_click:45] - 正在对 ('css selector', '#inp1') 元素 执行点击操作
2020-01-10 15:29:19,520 INFO [root] [base.py (base_find:24] - 正在查找元素：('css selector', '#inp1')
2020-01-10 15:29:19,604 INFO [root] [base.py (__init__:16] - 正在初始化driver:<selenium.webdriver.chrome.webdriver.WebDriver (session="bd9490e6517e94478b7344b57be60f7b")>
2020-01-10 15:29:19,605 INFO [root] [base.py (base_click:45] - 正在对 ('xpath', "//*[@class='menu']//*[text()='信息管理']") 元素 执行点击操作
2020-01-10 15:29:19,606 INFO [root] [base.py (base_find:24] - 正在查找元素：('xpath', "//*[@class='menu']//*[text()='信息管理']")
2020-01-10 15:29:22,219 INFO [root] [base.py (base_click:45] - 正在对 ('xpath', "//*[@class='menu']//*[text()='内容审核']") 元素 执行点击操作
2020-01-10 15:29:22,219 INFO [root] [base.py (base_find:24] - 正在查找元素：('xpath', "//*[@class='menu']//*[text()='内容审核']")
2020-01-10 15:29:24,334 INFO [root] [base.py (base_find:24] - 正在查找元素：('css selector', "[placeholder='请输入: 文章名称']")
2020-01-10 15:29:24,346 INFO [root] [base.py (base_input:36] - 正在执行清空操作
2020-01-10 15:29:24,364 INFO [root] [base.py (base_input:39] - 正在给 ('css selector', "[placeholder='请输入: 文章名称']") 元素 执行输入操作：bj-test17-003
2020-01-10 15:29:24,478 INFO [root] [base.py (base_find:24] - 正在查找元素：('css selector', "[placeholder='请输入: 频道']")
2020-01-10 15:29:24,490 INFO [root] [base.py (base_input:36] - 正在执行清空操作
2020-01-10 15:29:24,509 INFO [root] [base.py (base_input:39] - 正在给 ('css selector', "[placeholder='请输入: 频道']") 元素 执行输入操作：数据库
2020-01-10 15:29:24,547 INFO [root] [base.py (base_click:45] - 正在对 ('xpath', "//*[@placeholder='请选择状态']") 元素 执行点击操作
2020-01-10 15:29:24,547 INFO [root] [base.py (base_find:24] - 正在查找元素：('xpath', "//*[@placeholder='请选择状态']")
2020-01-10 15:29:26,602 INFO [root] [base.py (base_finds:29] - 正在查找元素：('css selector', 'ul>li')
2020-01-10 15:29:27,067 INFO [root] [base.py (base_click:45] - 正在对 ('css selector', '.find') 元素 执行点击操作
2020-01-10 15:29:27,067 INFO [root] [base.py (base_find:24] - 正在查找元素：('css selector', '.find')
2020-01-10 15:29:30,130 INFO [root] [base.py (base_click:45] - 正在对 ('xpath', "//*[text()='通过']/..") 元素 执行点击操作
2020-01-10 15:29:30,130 INFO [root] [base.py (base_find:24] - 正在查找元素：('xpath', "//*[text()='通过']/..")
2020-01-10 15:29:33,192 INFO [root] [base.py (base_click:45] - 正在对 ('css selector', '.el-button--primary') 元素 执行点击操作
2020-01-10 15:29:33,192 INFO [root] [base.py (base_find:24] - 正在查找元素：('css selector', '.el-button--primary')
2020-01-10 15:30:34,578 INFO [root] [base.py (__init__:16] - 正在初始化driver:<selenium.webdriver.chrome.webdriver.WebDriver (session="ac29d5ca19082a2faec9cfe753244dd0")>
2020-01-10 15:30:34,578 INFO [root] [base.py (base_find:24] - 正在查找元素：('css selector', "[placeholder='用户名']")
2020-01-10 15:30:34,601 INFO [root] [base.py (base_input:36] - 正在执行清空操作
2020-01-10 15:30:34,624 INFO [root] [base.py (base_input:39] - 正在给 ('css selector', "[placeholder='用户名']") 元素 执行输入操作：testid
2020-01-10 15:30:34,676 INFO [root] [base.py (base_find:24] - 正在查找元素：('css selector', "[placeholder='密码']")
2020-01-10 15:30:34,687 INFO [root] [base.py (base_input:36] - 正在执行清空操作
2020-01-10 15:30:34,714 INFO [root] [base.py (base_input:39] - 正在给 ('css selector', "[placeholder='密码']") 元素 执行输入操作：testpwd123
2020-01-10 15:30:34,793 INFO [root] [base.py (base_click:45] - 正在对 ('css selector', '#inp1') 元素 执行点击操作
2020-01-10 15:30:34,793 INFO [root] [base.py (base_find:24] - 正在查找元素：('css selector', '#inp1')
2020-01-10 15:30:34,834 INFO [root] [base.py (__init__:16] - 正在初始化driver:<selenium.webdriver.chrome.webdriver.WebDriver (session="ac29d5ca19082a2faec9cfe753244dd0")>
2020-01-10 15:30:34,835 INFO [root] [base.py (base_click:45] - 正在对 ('xpath', "//*[@class='menu']//*[text()='信息管理']") 元素 执行点击操作
2020-01-10 15:30:34,835 INFO [root] [base.py (base_find:24] - 正在查找元素：('xpath', "//*[@class='menu']//*[text()='信息管理']")
2020-01-10 15:30:37,432 INFO [root] [base.py (base_click:45] - 正在对 ('xpath', "//*[@class='menu']//*[text()='内容审核']") 元素 执行点击操作
2020-01-10 15:30:37,432 INFO [root] [base.py (base_find:24] - 正在查找元素：('xpath', "//*[@class='menu']//*[text()='内容审核']")
2020-01-10 15:30:39,541 INFO [root] [base.py (base_find:24] - 正在查找元素：('css selector', "[placeholder='请输入: 文章名称']")
2020-01-10 15:30:39,551 INFO [root] [base.py (base_input:36] - 正在执行清空操作
2020-01-10 15:30:39,572 INFO [root] [base.py (base_input:39] - 正在给 ('css selector', "[placeholder='请输入: 文章名称']") 元素 执行输入操作：bj-test17-003
2020-01-10 15:30:39,689 INFO [root] [base.py (base_find:24] - 正在查找元素：('css selector', "[placeholder='请输入: 频道']")
2020-01-10 15:30:39,703 INFO [root] [base.py (base_input:36] - 正在执行清空操作
2020-01-10 15:30:39,723 INFO [root] [base.py (base_input:39] - 正在给 ('css selector', "[placeholder='请输入: 频道']") 元素 执行输入操作：数据库
2020-01-10 15:30:39,765 INFO [root] [base.py (base_click:45] - 正在对 ('xpath', "//*[@placeholder='请选择状态']") 元素 执行点击操作
2020-01-10 15:30:39,766 INFO [root] [base.py (base_find:24] - 正在查找元素：('xpath', "//*[@placeholder='请选择状态']")
2020-01-10 15:30:41,834 INFO [root] [base.py (base_finds:29] - 正在查找元素：('css selector', 'ul>li')
2020-01-10 15:30:42,307 INFO [root] [base.py (base_click:45] - 正在对 ('css selector', '.find') 元素 执行点击操作
2020-01-10 15:30:42,307 INFO [root] [base.py (base_find:24] - 正在查找元素：('css selector', '.find')
2020-01-10 15:30:44,370 INFO [root] [base.py (base_click:45] - 正在对 ('xpath', "//*[text()='通过']/..") 元素 执行点击操作
2020-01-10 15:30:44,370 INFO [root] [base.py (base_find:24] - 正在查找元素：('xpath', "//*[text()='通过']/..")
2020-01-10 15:32:00,638 INFO [root] [base.py (__init__:16] - 正在初始化driver:<selenium.webdriver.chrome.webdriver.WebDriver (session="8853c77e39efcc7955c3bfb333fe86f1")>
2020-01-10 15:32:00,638 INFO [root] [base.py (base_find:24] - 正在查找元素：('css selector', "[placeholder='用户名']")
2020-01-10 15:32:00,652 INFO [root] [base.py (base_input:36] - 正在执行清空操作
2020-01-10 15:32:00,672 INFO [root] [base.py (base_input:39] - 正在给 ('css selector', "[placeholder='用户名']") 元素 执行输入操作：testid
2020-01-10 15:32:00,749 INFO [root] [base.py (base_find:24] - 正在查找元素：('css selector', "[placeholder='密码']")
2020-01-10 15:32:00,761 INFO [root] [base.py (base_input:36] - 正在执行清空操作
2020-01-10 15:32:00,781 INFO [root] [base.py (base_input:39] - 正在给 ('css selector', "[placeholder='密码']") 元素 执行输入操作：testpwd123
2020-01-10 15:32:00,841 INFO [root] [base.py (base_click:45] - 正在对 ('css selector', '#inp1') 元素 执行点击操作
2020-01-10 15:32:00,841 INFO [root] [base.py (base_find:24] - 正在查找元素：('css selector', '#inp1')
2020-01-10 15:32:00,884 INFO [root] [base.py (__init__:16] - 正在初始化driver:<selenium.webdriver.chrome.webdriver.WebDriver (session="8853c77e39efcc7955c3bfb333fe86f1")>
2020-01-10 15:32:00,884 INFO [root] [base.py (base_click:45] - 正在对 ('xpath', "//*[@class='menu']//*[text()='信息管理']") 元素 执行点击操作
2020-01-10 15:32:00,885 INFO [root] [base.py (base_find:24] - 正在查找元素：('xpath', "//*[@class='menu']//*[text()='信息管理']")
2020-01-10 15:32:03,514 INFO [root] [base.py (base_click:45] - 正在对 ('xpath', "//*[@class='menu']//*[text()='内容审核']") 元素 执行点击操作
2020-01-10 15:32:03,514 INFO [root] [base.py (base_find:24] - 正在查找元素：('xpath', "//*[@class='menu']//*[text()='内容审核']")
2020-01-10 15:32:05,625 INFO [root] [base.py (base_find:24] - 正在查找元素：('css selector', "[placeholder='请输入: 文章名称']")
2020-01-10 15:32:05,636 INFO [root] [base.py (base_input:36] - 正在执行清空操作
2020-01-10 15:32:05,655 INFO [root] [base.py (base_input:39] - 正在给 ('css selector', "[placeholder='请输入: 文章名称']") 元素 执行输入操作：bj-test17-003
2020-01-10 15:32:05,765 INFO [root] [base.py (base_find:24] - 正在查找元素：('css selector', "[placeholder='请输入: 频道']")
2020-01-10 15:32:05,774 INFO [root] [base.py (base_input:36] - 正在执行清空操作
2020-01-10 15:32:05,795 INFO [root] [base.py (base_input:39] - 正在给 ('css selector', "[placeholder='请输入: 频道']") 元素 执行输入操作：数据库
2020-01-10 15:32:05,839 INFO [root] [base.py (base_click:45] - 正在对 ('xpath', "//*[@placeholder='请选择状态']") 元素 执行点击操作
2020-01-10 15:32:05,839 INFO [root] [base.py (base_find:24] - 正在查找元素：('xpath', "//*[@placeholder='请选择状态']")
2020-01-10 15:32:07,906 INFO [root] [base.py (base_finds:29] - 正在查找元素：('css selector', 'ul>li')
2020-01-10 15:32:08,349 INFO [root] [base.py (base_click:45] - 正在对 ('css selector', '.find') 元素 执行点击操作
2020-01-10 15:32:08,349 INFO [root] [base.py (base_find:24] - 正在查找元素：('css selector', '.find')
2020-01-10 15:32:10,411 INFO [root] [base.py (base_click:45] - 正在对 ('xpath', "//*[text()='通过']/..") 元素 执行点击操作
2020-01-10 15:32:10,411 INFO [root] [base.py (base_find:24] - 正在查找元素：('xpath', "//*[text()='通过']/..")
2020-01-10 15:32:13,487 INFO [root] [base.py (base_click:45] - 正在对 ('css selector', '.el-button--primary') 元素 执行点击操作
2020-01-10 15:32:13,487 INFO [root] [base.py (base_find:24] - 正在查找元素：('css selector', '.el-button--primary')
2020-01-10 15:33:55,361 INFO [root] [base.py (__init__:16] - 正在初始化driver:<selenium.webdriver.chrome.webdriver.WebDriver (session="4b6ec36e3320d92639bb0d167f3af34c")>
2020-01-10 15:33:55,362 INFO [root] [base.py (base_find:24] - 正在查找元素：('css selector', "[placeholder='用户名']")
2020-01-10 15:33:55,383 INFO [root] [base.py (base_input:36] - 正在执行清空操作
2020-01-10 15:33:55,408 INFO [root] [base.py (base_input:39] - 正在给 ('css selector', "[placeholder='用户名']") 元素 执行输入操作：testid
2020-01-10 15:33:55,474 INFO [root] [base.py (base_find:24] - 正在查找元素：('css selector', "[placeholder='密码']")
2020-01-10 15:33:55,485 INFO [root] [base.py (base_input:36] - 正在执行清空操作
2020-01-10 15:33:55,505 INFO [root] [base.py (base_input:39] - 正在给 ('css selector', "[placeholder='密码']") 元素 执行输入操作：testpwd123
2020-01-10 15:33:55,560 INFO [root] [base.py (base_click:45] - 正在对 ('css selector', '#inp1') 元素 执行点击操作
2020-01-10 15:33:55,560 INFO [root] [base.py (base_find:24] - 正在查找元素：('css selector', '#inp1')
2020-01-10 15:33:55,622 INFO [root] [base.py (__init__:16] - 正在初始化driver:<selenium.webdriver.chrome.webdriver.WebDriver (session="4b6ec36e3320d92639bb0d167f3af34c")>
2020-01-10 15:33:55,622 INFO [root] [base.py (base_click:45] - 正在对 ('xpath', "//*[@class='menu']//*[text()='信息管理']") 元素 执行点击操作
2020-01-10 15:33:55,622 INFO [root] [base.py (base_find:24] - 正在查找元素：('xpath', "//*[@class='menu']//*[text()='信息管理']")
2020-01-10 15:33:58,203 INFO [root] [base.py (base_click:45] - 正在对 ('xpath', "//*[@class='menu']//*[text()='内容审核']") 元素 执行点击操作
2020-01-10 15:33:58,203 INFO [root] [base.py (base_find:24] - 正在查找元素：('xpath', "//*[@class='menu']//*[text()='内容审核']")
2020-01-10 15:34:00,307 INFO [root] [base.py (base_find:24] - 正在查找元素：('css selector', "[placeholder='请输入: 文章名称']")
2020-01-10 15:34:00,318 INFO [root] [base.py (base_input:36] - 正在执行清空操作
2020-01-10 15:34:00,337 INFO [root] [base.py (base_input:39] - 正在给 ('css selector', "[placeholder='请输入: 文章名称']") 元素 执行输入操作：bj-test17-003
2020-01-10 15:34:00,463 INFO [root] [base.py (base_find:24] - 正在查找元素：('css selector', "[placeholder='请输入: 频道']")
2020-01-10 15:34:00,474 INFO [root] [base.py (base_input:36] - 正在执行清空操作
2020-01-10 15:34:00,493 INFO [root] [base.py (base_input:39] - 正在给 ('css selector', "[placeholder='请输入: 频道']") 元素 执行输入操作：数据库
2020-01-10 15:34:00,535 INFO [root] [base.py (base_click:45] - 正在对 ('xpath', "//*[@placeholder='请选择状态']") 元素 执行点击操作
2020-01-10 15:34:00,535 INFO [root] [base.py (base_find:24] - 正在查找元素：('xpath', "//*[@placeholder='请选择状态']")
2020-01-10 15:34:02,591 INFO [root] [base.py (base_finds:29] - 正在查找元素：('css selector', 'ul>li')
2020-01-10 15:34:03,055 INFO [root] [base.py (base_click:45] - 正在对 ('css selector', '.find') 元素 执行点击操作
2020-01-10 15:34:03,055 INFO [root] [base.py (base_find:24] - 正在查找元素：('css selector', '.find')
2020-01-10 15:34:05,124 INFO [root] [base.py (base_click:45] - 正在对 ('xpath', "//*[text()='通过']/..") 元素 执行点击操作
2020-01-10 15:34:05,124 INFO [root] [base.py (base_find:24] - 正在查找元素：('xpath', "//*[text()='通过']/..")
2020-01-10 15:36:51,798 INFO [root] [base.py (__init__:16] - 正在初始化driver:<selenium.webdriver.chrome.webdriver.WebDriver (session="8642c9fa1e19f659350d567ab86a0856")>
2020-01-10 15:36:51,798 INFO [root] [base.py (base_find:24] - 正在查找元素：('css selector', "[placeholder='用户名']")
2020-01-10 15:36:51,814 INFO [root] [base.py (base_input:36] - 正在执行清空操作
2020-01-10 15:36:51,835 INFO [root] [base.py (base_input:39] - 正在给 ('css selector', "[placeholder='用户名']") 元素 执行输入操作：testid
2020-01-10 15:36:51,900 INFO [root] [base.py (base_find:24] - 正在查找元素：('css selector', "[placeholder='密码']")
2020-01-10 15:36:51,919 INFO [root] [base.py (base_input:36] - 正在执行清空操作
2020-01-10 15:36:51,940 INFO [root] [base.py (base_input:39] - 正在给 ('css selector', "[placeholder='密码']") 元素 执行输入操作：testpwd123
2020-01-10 15:36:51,994 INFO [root] [base.py (base_click:45] - 正在对 ('css selector', '#inp1') 元素 执行点击操作
2020-01-10 15:36:51,994 INFO [root] [base.py (base_find:24] - 正在查找元素：('css selector', '#inp1')
2020-01-10 15:36:52,040 INFO [root] [base.py (__init__:16] - 正在初始化driver:<selenium.webdriver.chrome.webdriver.WebDriver (session="8642c9fa1e19f659350d567ab86a0856")>
2020-01-10 15:36:52,040 INFO [root] [base.py (base_click:45] - 正在对 ('xpath', "//*[@class='menu']//*[text()='信息管理']") 元素 执行点击操作
2020-01-10 15:36:52,040 INFO [root] [base.py (base_find:24] - 正在查找元素：('xpath', "//*[@class='menu']//*[text()='信息管理']")
2020-01-10 15:36:54,648 INFO [root] [base.py (base_click:45] - 正在对 ('xpath', "//*[@class='menu']//*[text()='内容审核']") 元素 执行点击操作
2020-01-10 15:36:54,648 INFO [root] [base.py (base_find:24] - 正在查找元素：('xpath', "//*[@class='menu']//*[text()='内容审核']")
2020-01-10 15:36:56,759 INFO [root] [base.py (base_find:24] - 正在查找元素：('css selector', "[placeholder='请输入: 文章名称']")
2020-01-10 15:36:56,770 INFO [root] [base.py (base_input:36] - 正在执行清空操作
2020-01-10 15:36:56,789 INFO [root] [base.py (base_input:39] - 正在给 ('css selector', "[placeholder='请输入: 文章名称']") 元素 执行输入操作：bj-test17-003
2020-01-10 15:36:58,905 INFO [root] [base.py (base_find:24] - 正在查找元素：('css selector', "[placeholder='请输入: 频道']")
2020-01-10 15:36:58,916 INFO [root] [base.py (base_input:36] - 正在执行清空操作
2020-01-10 15:36:58,935 INFO [root] [base.py (base_input:39] - 正在给 ('css selector', "[placeholder='请输入: 频道']") 元素 执行输入操作：数据库
2020-01-10 15:37:00,976 INFO [root] [base.py (base_click:45] - 正在对 ('xpath', "//*[@placeholder='请选择状态']") 元素 执行点击操作
2020-01-10 15:37:00,976 INFO [root] [base.py (base_find:24] - 正在查找元素：('xpath', "//*[@placeholder='请选择状态']")
2020-01-10 15:37:03,043 INFO [root] [base.py (base_finds:29] - 正在查找元素：('css selector', 'ul>li')
2020-01-10 15:37:05,520 INFO [root] [base.py (base_click:45] - 正在对 ('css selector', '.find') 元素 执行点击操作
2020-01-10 15:37:05,520 INFO [root] [base.py (base_find:24] - 正在查找元素：('css selector', '.find')
2020-01-10 15:37:06,570 INFO [root] [base.py (base_click:45] - 正在对 ('xpath', "//*[text()='通过']/..") 元素 执行点击操作
2020-01-10 15:37:06,570 INFO [root] [base.py (base_find:24] - 正在查找元素：('xpath', "//*[text()='通过']/..")
2020-01-10 15:44:33,925 INFO [root] [base.py (__init__:16] - 正在初始化driver:<selenium.webdriver.chrome.webdriver.WebDriver (session="433b35bab5c56adf02f031a725523469")>
2020-01-10 15:44:33,925 INFO [root] [base.py (base_find:24] - 正在查找元素：('css selector', "[placeholder='用户名']")
2020-01-10 15:44:33,941 INFO [root] [base.py (base_input:36] - 正在执行清空操作
2020-01-10 15:44:33,964 INFO [root] [base.py (base_input:39] - 正在给 ('css selector', "[placeholder='用户名']") 元素 执行输入操作：testid
2020-01-10 15:44:34,021 INFO [root] [base.py (base_find:24] - 正在查找元素：('css selector', "[placeholder='密码']")
2020-01-10 15:44:34,034 INFO [root] [base.py (base_input:36] - 正在执行清空操作
2020-01-10 15:44:34,056 INFO [root] [base.py (base_input:39] - 正在给 ('css selector', "[placeholder='密码']") 元素 执行输入操作：testpwd123
2020-01-10 15:44:34,120 INFO [root] [base.py (base_click:45] - 正在对 ('css selector', '#inp1') 元素 执行点击操作
2020-01-10 15:44:34,120 INFO [root] [base.py (base_find:24] - 正在查找元素：('css selector', '#inp1')
2020-01-10 15:44:34,163 INFO [root] [base.py (__init__:16] - 正在初始化driver:<selenium.webdriver.chrome.webdriver.WebDriver (session="433b35bab5c56adf02f031a725523469")>
2020-01-10 15:44:34,164 INFO [root] [base.py (base_click:45] - 正在对 ('xpath', "//*[@class='menu']//*[text()='信息管理']") 元素 执行点击操作
2020-01-10 15:44:34,164 INFO [root] [base.py (base_find:24] - 正在查找元素：('xpath', "//*[@class='menu']//*[text()='信息管理']")
2020-01-10 15:44:36,760 INFO [root] [base.py (base_click:45] - 正在对 ('xpath', "//*[@class='menu']//*[text()='内容审核']") 元素 执行点击操作
2020-01-10 15:44:36,760 INFO [root] [base.py (base_find:24] - 正在查找元素：('xpath', "//*[@class='menu']//*[text()='内容审核']")
2020-01-10 15:44:38,885 INFO [root] [base.py (base_find:24] - 正在查找元素：('css selector', "[placeholder='请输入: 文章名称']")
2020-01-10 15:44:38,900 INFO [root] [base.py (base_input:36] - 正在执行清空操作
2020-01-10 15:44:38,919 INFO [root] [base.py (base_input:39] - 正在给 ('css selector', "[placeholder='请输入: 文章名称']") 元素 执行输入操作：bj-test17-003
2020-01-10 15:44:41,061 INFO [root] [base.py (base_find:24] - 正在查找元素：('css selector', "[placeholder='请输入: 频道']")
2020-01-10 15:44:41,072 INFO [root] [base.py (base_input:36] - 正在执行清空操作
2020-01-10 15:44:41,091 INFO [root] [base.py (base_input:39] - 正在给 ('css selector', "[placeholder='请输入: 频道']") 元素 执行输入操作：数据库
2020-01-10 15:44:43,134 INFO [root] [base.py (base_click:45] - 正在对 ('xpath', "//*[@placeholder='请选择状态']") 元素 执行点击操作
2020-01-10 15:44:43,134 INFO [root] [base.py (base_find:24] - 正在查找元素：('xpath', "//*[@placeholder='请选择状态']")
2020-01-10 15:44:45,202 INFO [root] [base.py (base_finds:29] - 正在查找元素：('css selector', 'ul>li')
2020-01-10 15:44:47,652 INFO [root] [base.py (base_click:45] - 正在对 ('css selector', '.find') 元素 执行点击操作
2020-01-10 15:44:47,652 INFO [root] [base.py (base_find:24] - 正在查找元素：('css selector', '.find')
2020-01-10 15:44:48,714 INFO [root] [base.py (base_click:45] - 正在对 ('xpath', "//*[text()='通过']/..") 元素 执行点击操作
2020-01-10 15:44:48,715 INFO [root] [base.py (base_find:24] - 正在查找元素：('xpath', "//*[text()='通过']/..")
2020-01-10 15:44:50,809 INFO [root] [base.py (base_click:45] - 正在对 ('css selector', '.el-button--primary') 元素 执行点击操作
2020-01-10 15:44:50,809 INFO [root] [base.py (base_find:24] - 正在查找元素：('css selector', '.el-button--primary')
2020-01-10 15:45:54,105 INFO [root] [base.py (__init__:16] - 正在初始化driver:<selenium.webdriver.chrome.webdriver.WebDriver (session="bc8a7ab5461b5ef2f01bbcb7eb0ec664")>
2020-01-10 15:45:54,105 INFO [root] [base.py (base_find:24] - 正在查找元素：('css selector', "[placeholder='用户名']")
2020-01-10 15:45:54,118 INFO [root] [base.py (base_input:36] - 正在执行清空操作
2020-01-10 15:45:54,142 INFO [root] [base.py (base_input:39] - 正在给 ('css selector', "[placeholder='用户名']") 元素 执行输入操作：testid
2020-01-10 15:45:54,218 INFO [root] [base.py (base_find:24] - 正在查找元素：('css selector', "[placeholder='密码']")
2020-01-10 15:45:54,229 INFO [root] [base.py (base_input:36] - 正在执行清空操作
2020-01-10 15:45:54,251 INFO [root] [base.py (base_input:39] - 正在给 ('css selector', "[placeholder='密码']") 元素 执行输入操作：testpwd123
2020-01-10 15:45:54,308 INFO [root] [base.py (base_click:45] - 正在对 ('css selector', '#inp1') 元素 执行点击操作
2020-01-10 15:45:54,308 INFO [root] [base.py (base_find:24] - 正在查找元素：('css selector', '#inp1')
2020-01-10 15:45:54,358 INFO [root] [base.py (__init__:16] - 正在初始化driver:<selenium.webdriver.chrome.webdriver.WebDriver (session="bc8a7ab5461b5ef2f01bbcb7eb0ec664")>
2020-01-10 15:45:54,358 INFO [root] [base.py (base_click:45] - 正在对 ('xpath', "//*[@class='menu']//*[text()='信息管理']") 元素 执行点击操作
2020-01-10 15:45:54,358 INFO [root] [base.py (base_find:24] - 正在查找元素：('xpath', "//*[@class='menu']//*[text()='信息管理']")
2020-01-10 15:45:56,927 INFO [root] [base.py (base_click:45] - 正在对 ('xpath', "//*[@class='menu']//*[text()='内容审核']") 元素 执行点击操作
2020-01-10 15:45:56,927 INFO [root] [base.py (base_find:24] - 正在查找元素：('xpath', "//*[@class='menu']//*[text()='内容审核']")
2020-01-10 15:45:59,042 INFO [root] [base.py (base_find:24] - 正在查找元素：('css selector', "[placeholder='请输入: 文章名称']")
2020-01-10 15:45:59,057 INFO [root] [base.py (base_input:36] - 正在执行清空操作
2020-01-10 15:45:59,075 INFO [root] [base.py (base_input:39] - 正在给 ('css selector', "[placeholder='请输入: 文章名称']") 元素 执行输入操作：bj-test17-003
2020-01-10 15:46:01,181 INFO [root] [base.py (base_find:24] - 正在查找元素：('css selector', "[placeholder='请输入: 频道']")
2020-01-10 15:46:01,191 INFO [root] [base.py (base_input:36] - 正在执行清空操作
2020-01-10 15:46:01,211 INFO [root] [base.py (base_input:39] - 正在给 ('css selector', "[placeholder='请输入: 频道']") 元素 执行输入操作：数据库
2020-01-10 15:46:03,255 INFO [root] [base.py (base_click:45] - 正在对 ('xpath', "//*[@placeholder='请选择状态']") 元素 执行点击操作
2020-01-10 15:46:03,255 INFO [root] [base.py (base_find:24] - 正在查找元素：('xpath', "//*[@placeholder='请选择状态']")
2020-01-10 15:46:05,326 INFO [root] [base.py (base_finds:29] - 正在查找元素：('css selector', 'ul>li')
2020-01-10 15:46:07,789 INFO [root] [base.py (base_click:45] - 正在对 ('css selector', '.find') 元素 执行点击操作
2020-01-10 15:46:07,789 INFO [root] [base.py (base_find:24] - 正在查找元素：('css selector', '.find')
2020-01-10 15:46:08,852 INFO [root] [base.py (base_click:45] - 正在对 ('xpath', "//*[text()='通过']/..") 元素 执行点击操作
2020-01-10 15:46:08,852 INFO [root] [base.py (base_find:24] - 正在查找元素：('xpath', "//*[text()='通过']/..")
2020-01-10 15:46:10,933 INFO [root] [base.py (base_click:45] - 正在对 ('css selector', '.el-button--primary') 元素 执行点击操作
2020-01-10 15:46:10,933 INFO [root] [base.py (base_find:24] - 正在查找元素：('css selector', '.el-button--primary')
2020-01-10 16:46:38,545 INFO [root] [base.py (__init__:16] - 正在初始化driver:<selenium.webdriver.chrome.webdriver.WebDriver (session="7d1d51dcdf6adb97bf7e40f82a1f870a")>
2020-01-10 16:46:38,545 INFO [root] [base.py (base_find:24] - 正在查找元素：('css selector', "[placeholder='用户名']")
2020-01-10 16:46:38,565 INFO [root] [base.py (base_input:36] - 正在执行清空操作
2020-01-10 16:46:38,595 INFO [root] [base.py (base_input:39] - 正在给 ('css selector', "[placeholder='用户名']") 元素 执行输入操作：testid
2020-01-10 16:46:38,648 INFO [root] [base.py (base_find:24] - 正在查找元素：('css selector', "[placeholder='密码']")
2020-01-10 16:46:38,658 INFO [root] [base.py (base_input:36] - 正在执行清空操作
2020-01-10 16:46:38,678 INFO [root] [base.py (base_input:39] - 正在给 ('css selector', "[placeholder='密码']") 元素 执行输入操作：testpwd123
2020-01-10 16:46:38,751 INFO [root] [base.py (base_click:45] - 正在对 ('css selector', '#inp1') 元素 执行点击操作
2020-01-10 16:46:38,751 INFO [root] [base.py (base_find:24] - 正在查找元素：('css selector', '#inp1')
2020-01-10 16:46:38,799 INFO [root] [base.py (__init__:16] - 正在初始化driver:<selenium.webdriver.chrome.webdriver.WebDriver (session="7d1d51dcdf6adb97bf7e40f82a1f870a")>
2020-01-10 16:46:38,800 INFO [root] [base.py (base_click:45] - 正在对 ('xpath', "//*[@class='menu']//*[text()='信息管理']") 元素 执行点击操作
2020-01-10 16:46:38,800 INFO [root] [base.py (base_find:24] - 正在查找元素：('xpath', "//*[@class='menu']//*[text()='信息管理']")
2020-01-10 16:46:41,408 INFO [root] [base.py (base_click:45] - 正在对 ('xpath', "//*[@class='menu']//*[text()='内容审核']") 元素 执行点击操作
2020-01-10 16:46:41,408 INFO [root] [base.py (base_find:24] - 正在查找元素：('xpath', "//*[@class='menu']//*[text()='内容审核']")
2020-01-10 16:46:43,503 INFO [root] [base.py (base_find:24] - 正在查找元素：('css selector', "[placeholder='请输入: 文章名称']")
2020-01-10 16:46:43,520 INFO [root] [base.py (base_input:36] - 正在执行清空操作
2020-01-10 16:46:43,540 INFO [root] [base.py (base_input:39] - 正在给 ('css selector', "[placeholder='请输入: 文章名称']") 元素 执行输入操作：bj-test17-004
2020-01-10 16:46:45,659 INFO [root] [base.py (base_find:24] - 正在查找元素：('css selector', "[placeholder='请输入: 频道']")
2020-01-10 16:46:45,669 INFO [root] [base.py (base_input:36] - 正在执行清空操作
2020-01-10 16:46:45,689 INFO [root] [base.py (base_input:39] - 正在给 ('css selector', "[placeholder='请输入: 频道']") 元素 执行输入操作：数据库
2020-01-10 16:46:47,731 INFO [root] [base.py (base_click:45] - 正在对 ('xpath', "//*[@placeholder='请选择状态']") 元素 执行点击操作
2020-01-10 16:46:47,731 INFO [root] [base.py (base_find:24] - 正在查找元素：('xpath', "//*[@placeholder='请选择状态']")
2020-01-10 16:46:49,790 INFO [root] [base.py (base_finds:29] - 正在查找元素：('css selector', 'ul>li')
2020-01-10 16:46:52,256 INFO [root] [base.py (base_click:45] - 正在对 ('css selector', '.find') 元素 执行点击操作
2020-01-10 16:46:52,256 INFO [root] [base.py (base_find:24] - 正在查找元素：('css selector', '.find')
2020-01-10 16:46:56,317 INFO [root] [base.py (base_click:45] - 正在对 ('css selector', '.cell>span') 元素 执行点击操作
2020-01-10 16:46:56,317 INFO [root] [base.py (base_find:24] - 正在查找元素：('css selector', '.cell>span')
2020-01-10 16:53:22,320 INFO [root] [base.py (__init__:16] - 正在初始化driver:<selenium.webdriver.chrome.webdriver.WebDriver (session="75f16dc3f25a1143c78e9153a950a16b")>
2020-01-10 16:53:22,320 INFO [root] [base.py (base_find:24] - 正在查找元素：('css selector', "[placeholder='用户名']")
2020-01-10 16:53:22,333 INFO [root] [base.py (base_input:36] - 正在执行清空操作
2020-01-10 16:53:22,353 INFO [root] [base.py (base_input:39] - 正在给 ('css selector', "[placeholder='用户名']") 元素 执行输入操作：testid
2020-01-10 16:53:22,418 INFO [root] [base.py (base_find:24] - 正在查找元素：('css selector', "[placeholder='密码']")
2020-01-10 16:53:22,435 INFO [root] [base.py (base_input:36] - 正在执行清空操作
2020-01-10 16:53:22,454 INFO [root] [base.py (base_input:39] - 正在给 ('css selector', "[placeholder='密码']") 元素 执行输入操作：testpwd123
2020-01-10 16:53:22,511 INFO [root] [base.py (base_click:45] - 正在对 ('css selector', '#inp1') 元素 执行点击操作
2020-01-10 16:53:22,511 INFO [root] [base.py (base_find:24] - 正在查找元素：('css selector', '#inp1')
2020-01-10 16:53:22,556 INFO [root] [base.py (__init__:16] - 正在初始化driver:<selenium.webdriver.chrome.webdriver.WebDriver (session="75f16dc3f25a1143c78e9153a950a16b")>
2020-01-10 16:53:22,556 INFO [root] [base.py (base_click:45] - 正在对 ('xpath', "//*[@class='menu']//*[text()='信息管理']") 元素 执行点击操作
2020-01-10 16:53:22,556 INFO [root] [base.py (base_find:24] - 正在查找元素：('xpath', "//*[@class='menu']//*[text()='信息管理']")
2020-01-10 16:53:25,134 INFO [root] [base.py (base_click:45] - 正在对 ('xpath', "//*[@class='menu']//*[text()='内容审核']") 元素 执行点击操作
2020-01-10 16:53:25,134 INFO [root] [base.py (base_find:24] - 正在查找元素：('xpath', "//*[@class='menu']//*[text()='内容审核']")
2020-01-10 16:53:27,236 INFO [root] [base.py (base_find:24] - 正在查找元素：('css selector', "[placeholder='请输入: 文章名称']")
2020-01-10 16:53:27,247 INFO [root] [base.py (base_input:36] - 正在执行清空操作
2020-01-10 16:53:27,267 INFO [root] [base.py (base_input:39] - 正在给 ('css selector', "[placeholder='请输入: 文章名称']") 元素 执行输入操作：bj-test17-004
2020-01-10 16:53:29,378 INFO [root] [base.py (base_find:24] - 正在查找元素：('css selector', "[placeholder='请输入: 频道']")
2020-01-10 16:53:29,406 INFO [root] [base.py (base_input:36] - 正在执行清空操作
2020-01-10 16:53:29,426 INFO [root] [base.py (base_input:39] - 正在给 ('css selector', "[placeholder='请输入: 频道']") 元素 执行输入操作：数据库
2020-01-10 16:53:31,467 INFO [root] [base.py (base_click:45] - 正在对 ('xpath', "//*[@placeholder='请选择状态']") 元素 执行点击操作
2020-01-10 16:53:31,467 INFO [root] [base.py (base_find:24] - 正在查找元素：('xpath', "//*[@placeholder='请选择状态']")
2020-01-10 16:53:33,540 INFO [root] [base.py (base_finds:29] - 正在查找元素：('css selector', 'ul>li')
2020-01-10 16:53:36,002 INFO [root] [base.py (base_click:45] - 正在对 ('css selector', '.find') 元素 执行点击操作
2020-01-10 16:53:36,002 INFO [root] [base.py (base_find:24] - 正在查找元素：('css selector', '.find')
2020-01-10 16:53:40,064 INFO [root] [base.py (base_click:45] - 正在对 ('css selector', '.cell>span') 元素 执行点击操作
2020-01-10 16:53:40,064 INFO [root] [base.py (base_find:24] - 正在查找元素：('css selector', '.cell>span')
2020-01-10 16:53:40,124 INFO [root] [base.py (base_click:45] - 正在对 ('xpath', "//*[text()='通过']/..") 元素 执行点击操作
2020-01-10 16:53:40,124 INFO [root] [base.py (base_find:24] - 正在查找元素：('xpath', "//*[text()='通过']/..")
2020-01-10 16:53:42,190 INFO [root] [base.py (base_click:45] - 正在对 ('css selector', '.el-button--primary') 元素 执行点击操作
2020-01-10 16:53:42,190 INFO [root] [base.py (base_find:24] - 正在查找元素：('css selector', '.el-button--primary')
2020-01-10 16:55:57,743 INFO [root] [base.py (__init__:16] - 正在初始化driver:<selenium.webdriver.chrome.webdriver.WebDriver (session="4d6098ac7856b22426451dc1530782a9")>
2020-01-10 16:55:57,743 INFO [root] [base.py (base_find:24] - 正在查找元素：('css selector', "[placeholder='用户名']")
2020-01-10 16:55:57,758 INFO [root] [base.py (base_input:36] - 正在执行清空操作
2020-01-10 16:55:57,780 INFO [root] [base.py (base_input:39] - 正在给 ('css selector', "[placeholder='用户名']") 元素 执行输入操作：testid
2020-01-10 16:55:57,861 INFO [root] [base.py (base_find:24] - 正在查找元素：('css selector', "[placeholder='密码']")
2020-01-10 16:55:57,870 INFO [root] [base.py (base_input:36] - 正在执行清空操作
2020-01-10 16:55:57,892 INFO [root] [base.py (base_input:39] - 正在给 ('css selector', "[placeholder='密码']") 元素 执行输入操作：testpwd123
2020-01-10 16:55:57,952 INFO [root] [base.py (base_click:45] - 正在对 ('css selector', '#inp1') 元素 执行点击操作
2020-01-10 16:55:57,952 INFO [root] [base.py (base_find:24] - 正在查找元素：('css selector', '#inp1')
2020-01-10 16:55:58,016 INFO [root] [base.py (__init__:16] - 正在初始化driver:<selenium.webdriver.chrome.webdriver.WebDriver (session="4d6098ac7856b22426451dc1530782a9")>
2020-01-10 16:55:58,016 INFO [root] [base.py (base_click:45] - 正在对 ('xpath', "//*[@class='menu']//*[text()='信息管理']") 元素 执行点击操作
2020-01-10 16:55:58,016 INFO [root] [base.py (base_find:24] - 正在查找元素：('xpath', "//*[@class='menu']//*[text()='信息管理']")
2020-01-10 16:56:00,586 INFO [root] [base.py (base_click:45] - 正在对 ('xpath', "//*[@class='menu']//*[text()='内容审核']") 元素 执行点击操作
2020-01-10 16:56:00,586 INFO [root] [base.py (base_find:24] - 正在查找元素：('xpath', "//*[@class='menu']//*[text()='内容审核']")
2020-01-10 16:56:02,701 INFO [root] [base.py (base_find:24] - 正在查找元素：('css selector', "[placeholder='请输入: 文章名称']")
2020-01-10 16:56:02,711 INFO [root] [base.py (base_input:36] - 正在执行清空操作
2020-01-10 16:56:02,729 INFO [root] [base.py (base_input:39] - 正在给 ('css selector', "[placeholder='请输入: 文章名称']") 元素 执行输入操作：bj-test17-004
2020-01-10 16:56:04,842 INFO [root] [base.py (base_find:24] - 正在查找元素：('css selector', "[placeholder='请输入: 频道']")
2020-01-10 16:56:04,853 INFO [root] [base.py (base_input:36] - 正在执行清空操作
2020-01-10 16:56:04,874 INFO [root] [base.py (base_input:39] - 正在给 ('css selector', "[placeholder='请输入: 频道']") 元素 执行输入操作：数据库
2020-01-10 16:56:06,916 INFO [root] [base.py (base_click:45] - 正在对 ('xpath', "//*[@placeholder='请选择状态']") 元素 执行点击操作
2020-01-10 16:56:06,916 INFO [root] [base.py (base_find:24] - 正在查找元素：('xpath', "//*[@placeholder='请选择状态']")
2020-01-10 16:56:09,018 INFO [root] [base.py (base_finds:29] - 正在查找元素：('css selector', 'ul>li')
2020-01-10 16:56:11,483 INFO [root] [base.py (base_click:45] - 正在对 ('css selector', '.find') 元素 执行点击操作
2020-01-10 16:56:11,483 INFO [root] [base.py (base_find:24] - 正在查找元素：('css selector', '.find')
2020-01-10 16:56:15,544 INFO [root] [base.py (base_click:45] - 正在对 ('css selector', '.cell>span') 元素 执行点击操作
2020-01-10 16:56:15,544 INFO [root] [base.py (base_find:24] - 正在查找元素：('css selector', '.cell>span')
2020-01-10 16:56:15,607 INFO [root] [base.py (base_click:45] - 正在对 ('xpath', "//*[text()='通过']/..") 元素 执行点击操作
2020-01-10 16:56:15,607 INFO [root] [base.py (base_find:24] - 正在查找元素：('xpath', "//*[text()='通过']/..")
2020-01-10 16:56:17,671 INFO [root] [base.py (base_click:45] - 正在对 ('css selector', '.el-button--primary') 元素 执行点击操作
2020-01-10 16:56:17,671 INFO [root] [base.py (base_find:24] - 正在查找元素：('css selector', '.el-button--primary')
2020-01-10 16:56:20,083 INFO [root] [base.py (base_find:24] - 正在查找元素：('css selector', "[placeholder='请输入: 文章名称']")
2020-01-10 16:56:20,102 INFO [root] [base.py (base_input:36] - 正在执行清空操作
2020-01-10 16:56:20,122 INFO [root] [base.py (base_input:39] - 正在给 ('css selector', "[placeholder='请输入: 文章名称']") 元素 执行输入操作：bj-test17-004
2020-01-10 16:56:22,250 INFO [root] [base.py (base_find:24] - 正在查找元素：('css selector', "[placeholder='请输入: 频道']")
2020-01-10 16:56:22,250 INFO [root] [base.py (base_input:36] - 正在执行清空操作
2020-01-10 16:56:22,265 INFO [root] [base.py (base_input:39] - 正在给 ('css selector', "[placeholder='请输入: 频道']") 元素 执行输入操作：数据库
2020-01-10 16:56:24,333 INFO [root] [base.py (base_click:45] - 正在对 ('xpath', "//*[@placeholder='请选择状态']") 元素 执行点击操作
2020-01-10 16:56:24,333 INFO [root] [base.py (base_find:24] - 正在查找元素：('xpath', "//*[@placeholder='请选择状态']")
2020-01-10 16:56:26,387 INFO [root] [base.py (base_finds:29] - 正在查找元素：('css selector', 'ul>li')
2020-01-10 16:56:26,836 INFO [root] [base.py (base_click:45] - 正在对 ('css selector', '.find') 元素 执行点击操作
2020-01-10 16:56:26,836 INFO [root] [base.py (base_find:24] - 正在查找元素：('css selector', '.find')
2020-01-10 16:56:27,894 INFO [root] [base.py (base_find:24] - 正在查找元素：('xpath', "//*[contains(text(),'None')]")
2020-01-10 17:21:23,628 INFO [root] [base.py (__init__:16] - 正在初始化driver:<selenium.webdriver.chrome.webdriver.WebDriver (session="0b3529c99979c9c2aca0239fa5ff84bb")>
2020-01-10 17:21:23,628 INFO [root] [base.py (base_find:24] - 正在查找元素：('css selector', "[placeholder='用户名']")
2020-01-10 17:21:23,645 INFO [root] [base.py (base_input:36] - 正在执行清空操作
2020-01-10 17:21:23,678 INFO [root] [base.py (base_input:39] - 正在给 ('css selector', "[placeholder='用户名']") 元素 执行输入操作：testid
2020-01-10 17:21:23,733 INFO [root] [base.py (base_find:24] - 正在查找元素：('css selector', "[placeholder='密码']")
2020-01-10 17:21:23,744 INFO [root] [base.py (base_input:36] - 正在执行清空操作
2020-01-10 17:21:23,765 INFO [root] [base.py (base_input:39] - 正在给 ('css selector', "[placeholder='密码']") 元素 执行输入操作：testpwd123
2020-01-10 17:21:23,837 INFO [root] [base.py (base_click:45] - 正在对 ('css selector', '#inp1') 元素 执行点击操作
2020-01-10 17:21:23,838 INFO [root] [base.py (base_find:24] - 正在查找元素：('css selector', '#inp1')
2020-01-10 17:21:23,921 INFO [root] [base.py (__init__:16] - 正在初始化driver:<selenium.webdriver.chrome.webdriver.WebDriver (session="0b3529c99979c9c2aca0239fa5ff84bb")>
2020-01-10 17:21:23,923 INFO [root] [base.py (base_click:45] - 正在对 ('xpath', "//*[@class='menu']//*[text()='信息管理']") 元素 执行点击操作
2020-01-10 17:21:23,924 INFO [root] [base.py (base_find:24] - 正在查找元素：('xpath', "//*[@class='menu']//*[text()='信息管理']")
2020-01-10 17:21:26,587 INFO [root] [base.py (base_click:45] - 正在对 ('xpath', "//*[@class='menu']//*[text()='内容审核']") 元素 执行点击操作
2020-01-10 17:21:26,587 INFO [root] [base.py (base_find:24] - 正在查找元素：('xpath', "//*[@class='menu']//*[text()='内容审核']")
2020-01-10 17:21:28,702 INFO [root] [base.py (base_find:24] - 正在查找元素：('css selector', "[placeholder='请输入: 文章名称']")
2020-01-10 17:21:28,713 INFO [root] [base.py (base_input:36] - 正在执行清空操作
2020-01-10 17:21:28,731 INFO [root] [base.py (base_input:39] - 正在给 ('css selector', "[placeholder='请输入: 文章名称']") 元素 执行输入操作：bj-test17-004
2020-01-10 17:21:30,848 INFO [root] [base.py (base_find:24] - 正在查找元素：('css selector', "[placeholder='请输入: 频道']")
2020-01-10 17:21:30,858 INFO [root] [base.py (base_input:36] - 正在执行清空操作
2020-01-10 17:21:30,878 INFO [root] [base.py (base_input:39] - 正在给 ('css selector', "[placeholder='请输入: 频道']") 元素 执行输入操作：数据库
2020-01-10 17:21:32,916 INFO [root] [base.py (base_click:45] - 正在对 ('xpath', "//*[@placeholder='请选择状态']") 元素 执行点击操作
2020-01-10 17:21:32,916 INFO [root] [base.py (base_find:24] - 正在查找元素：('xpath', "//*[@placeholder='请选择状态']")
2020-01-10 17:21:34,983 INFO [root] [base.py (base_finds:29] - 正在查找元素：('css selector', 'ul>li')
2020-01-10 17:21:37,451 INFO [root] [base.py (base_click:45] - 正在对 ('css selector', '.find') 元素 执行点击操作
2020-01-10 17:21:37,451 INFO [root] [base.py (base_find:24] - 正在查找元素：('css selector', '.find')
2020-01-10 17:21:41,510 INFO [root] [base.py (base_click:45] - 正在对 ('css selector', '.cell>span') 元素 执行点击操作
2020-01-10 17:21:41,510 INFO [root] [base.py (base_find:24] - 正在查找元素：('css selector', '.cell>span')
2020-01-10 17:21:41,556 INFO [root] [base.py (base_click:45] - 正在对 ('xpath', "//*[text()='通过']/..") 元素 执行点击操作
2020-01-10 17:21:41,556 INFO [root] [base.py (base_find:24] - 正在查找元素：('xpath', "//*[text()='通过']/..")
2020-01-10 17:21:43,622 INFO [root] [base.py (base_click:45] - 正在对 ('css selector', '.el-button--primary') 元素 执行点击操作
2020-01-10 17:21:43,622 INFO [root] [base.py (base_find:24] - 正在查找元素：('css selector', '.el-button--primary')
2020-01-10 17:21:51,039 INFO [root] [base.py (base_find:24] - 正在查找元素：('css selector', "[placeholder='请输入: 文章名称']")
2020-01-10 17:21:51,049 INFO [root] [base.py (base_input:36] - 正在执行清空操作
2020-01-10 17:21:51,074 INFO [root] [base.py (base_input:39] - 正在给 ('css selector', "[placeholder='请输入: 文章名称']") 元素 执行输入操作：bj-test17-004
2020-01-10 17:21:53,207 INFO [root] [base.py (base_find:24] - 正在查找元素：('css selector', "[placeholder='请输入: 频道']")
2020-01-10 17:21:53,207 INFO [root] [base.py (base_input:36] - 正在执行清空操作
2020-01-10 17:21:53,222 INFO [root] [base.py (base_input:39] - 正在给 ('css selector', "[placeholder='请输入: 频道']") 元素 执行输入操作：数据库
2020-01-10 17:21:55,288 INFO [root] [base.py (base_click:45] - 正在对 ('xpath', "//*[@placeholder='请选择状态']") 元素 执行点击操作
2020-01-10 17:21:55,288 INFO [root] [base.py (base_find:24] - 正在查找元素：('xpath', "//*[@placeholder='请选择状态']")
2020-01-10 17:21:57,349 INFO [root] [base.py (base_finds:29] - 正在查找元素：('css selector', 'ul>li')
2020-01-10 17:21:57,810 INFO [root] [base.py (base_click:45] - 正在对 ('css selector', '.find') 元素 执行点击操作
2020-01-10 17:21:57,811 INFO [root] [base.py (base_find:24] - 正在查找元素：('css selector', '.find')
2020-01-10 17:22:01,894 INFO [root] [base.py (base_find:24] - 正在查找元素：('xpath', "//*[contains(text(),'None')]")
2020-01-10 17:22:04,992 ERROR [root] [test04_mis_audit.py (test_mis_audit:40] - assert False
 +  where False = <bound method PageMisAudit.page_assert_success of <page.page_mis_audit.PageMisAudit object at 0x044AB6F0>>(title='bj-test17-004', channel='数据库')
 +    where <bound method PageMisAudit.page_assert_success of <page.page_mis_audit.PageMisAudit object at 0x044AB6F0>> = <page.page_mis_audit.PageMisAudit object at 0x044AB6F0>.page_assert_success
 +      where <page.page_mis_audit.PageMisAudit object at 0x044AB6F0> = <scripts.test04_mis_audit.TestMisAudit object at 0x044ABB50>.audit
2020-01-10 17:22:04,992 ERROR [root] [base.py (base_get_img:55] - 出现异常! 正在截图操作
2020-01-10 17:22:05,367 ERROR [root] [base.py (__base_write_img:62] - 异常处理！正在截图写入报告
2020-01-10 17:25:10,995 INFO [root] [base.py (__init__:16] - 正在初始化driver:<selenium.webdriver.chrome.webdriver.WebDriver (session="2d61625df1055a9902e6054663d51f22")>
2020-01-10 17:25:10,995 INFO [root] [page_mp_login.py (page_mp_login_success:40] - 正在调用自媒体登录成功业务方法,用户名:13812345678 密码:246810
2020-01-10 17:25:10,995 INFO [root] [base.py (base_find:24] - 正在查找元素：('css selector', "[placeholder='请输入手机号']")
2020-01-10 17:25:11,014 INFO [root] [base.py (base_input:36] - 正在执行清空操作
2020-01-10 17:25:11,036 INFO [root] [base.py (base_input:39] - 正在给 ('css selector', "[placeholder='请输入手机号']") 元素 执行输入操作：13812345678
2020-01-10 17:25:11,126 INFO [root] [base.py (base_find:24] - 正在查找元素：('css selector', "[placeholder='验证码']")
2020-01-10 17:25:11,136 INFO [root] [base.py (base_input:36] - 正在执行清空操作
2020-01-10 17:25:11,156 INFO [root] [base.py (base_input:39] - 正在给 ('css selector', "[placeholder='验证码']") 元素 执行输入操作：246810
2020-01-10 17:25:11,211 INFO [root] [base.py (base_click:45] - 正在对 ('css selector', '.el-button--primary') 元素 执行点击操作
2020-01-10 17:25:11,211 INFO [root] [base.py (base_find:24] - 正在查找元素：('css selector', '.el-button--primary')
2020-01-10 17:25:11,274 INFO [root] [base.py (__init__:16] - 正在初始化driver:<selenium.webdriver.chrome.webdriver.WebDriver (session="2d61625df1055a9902e6054663d51f22")>
2020-01-10 17:25:14,275 INFO [root] [base.py (base_click:45] - 正在对 ('xpath', "//div[@class='menu-wrapper']//*[text()='内容管理']") 元素 执行点击操作
2020-01-10 17:25:14,275 INFO [root] [base.py (base_find:24] - 正在查找元素：('xpath', "//div[@class='menu-wrapper']//*[text()='内容管理']")
2020-01-10 17:25:16,335 INFO [root] [base.py (base_click:45] - 正在对 ('xpath', "//*[contains(text(),'发布文章')]") 元素 执行点击操作
2020-01-10 17:25:16,335 INFO [root] [base.py (base_find:24] - 正在查找元素：('xpath', "//*[contains(text(),'发布文章')]")
2020-01-10 17:25:18,399 INFO [root] [base.py (base_find:24] - 正在查找元素：('css selector', "[placeholder='文章名称']")
2020-01-10 17:25:18,399 INFO [root] [base.py (base_input:36] - 正在执行清空操作
2020-01-10 17:25:18,430 INFO [root] [base.py (base_input:39] - 正在给 ('css selector', "[placeholder='文章名称']") 元素 执行输入操作：bj-test17-999
2020-01-10 17:25:20,628 INFO [root] [base.py (base_find:24] - 正在查找元素：('css selector', '#publishTinymce_ifr')
2020-01-10 17:25:20,643 INFO [root] [base.py (base_find:24] - 正在查找元素：('css selector', '#tinymce')
2020-01-10 17:25:20,658 INFO [root] [base.py (base_input:36] - 正在执行清空操作
2020-01-10 17:25:20,684 INFO [root] [base.py (base_input:39] - 正在给 ('css selector', '#tinymce') 元素 执行输入操作：今天晚上吃火锅
2020-01-10 17:25:22,818 INFO [root] [base.py (base_click:45] - 正在对 ('xpath', "//*[text()='自动']") 元素 执行点击操作
2020-01-10 17:25:22,818 INFO [root] [base.py (base_find:24] - 正在查找元素：('xpath', "//*[text()='自动']")
2020-01-10 17:25:22,889 INFO [root] [base.py (base_click:45] - 正在对 ('css selector', "[placeholder='请选择']") 元素 执行点击操作
2020-01-10 17:25:22,889 INFO [root] [base.py (base_find:24] - 正在查找元素：('css selector', "[placeholder='请选择']")
2020-01-10 17:25:25,982 INFO [root] [base.py (base_click:45] - 正在对 ('xpath', "//*[text()='数据库']") 元素 执行点击操作
2020-01-10 17:25:25,982 INFO [root] [base.py (base_find:24] - 正在查找元素：('xpath', "//*[text()='数据库']")
2020-01-10 17:25:26,056 INFO [root] [base.py (base_click:45] - 正在对 ('css selector', '.el-button.filter-item.el-button--primary') 元素 执行点击操作
2020-01-10 17:25:26,056 INFO [root] [base.py (base_find:24] - 正在查找元素：('css selector', '.el-button.filter-item.el-button--primary')
2020-01-10 17:25:26,117 INFO [root] [base.py (base_find:24] - 正在查找元素：('xpath', "//*[contains(text(),'成功')]")
2020-01-10 17:25:26,669 INFO [root] [base.py (base_get_text:50] - 正在获取('xpath', "//*[contains(text(),'成功')]")元素文本值：新增文章成功
2020-01-10 17:25:26,669 INFO [root] [base.py (base_find:24] - 正在查找元素：('xpath', "//*[contains(text(),'成功')]")
2020-01-10 17:28:38,771 INFO [root] [base.py (__init__:16] - 正在初始化driver:<selenium.webdriver.chrome.webdriver.WebDriver (session="ef06da08be432c49cf20e6e11bc0cefb")>
2020-01-10 17:28:38,771 INFO [root] [base.py (base_find:24] - 正在查找元素：('css selector', "[placeholder='用户名']")
2020-01-10 17:28:38,786 INFO [root] [base.py (base_input:36] - 正在执行清空操作
2020-01-10 17:28:38,809 INFO [root] [base.py (base_input:39] - 正在给 ('css selector', "[placeholder='用户名']") 元素 执行输入操作：testid
2020-01-10 17:28:38,883 INFO [root] [base.py (base_find:24] - 正在查找元素：('css selector', "[placeholder='密码']")
2020-01-10 17:28:38,900 INFO [root] [base.py (base_input:36] - 正在执行清空操作
2020-01-10 17:28:38,918 INFO [root] [base.py (base_input:39] - 正在给 ('css selector', "[placeholder='密码']") 元素 执行输入操作：testpwd123
2020-01-10 17:28:38,972 INFO [root] [base.py (base_click:45] - 正在对 ('css selector', '#inp1') 元素 执行点击操作
2020-01-10 17:28:38,972 INFO [root] [base.py (base_find:24] - 正在查找元素：('css selector', '#inp1')
2020-01-10 17:28:39,016 INFO [root] [base.py (__init__:16] - 正在初始化driver:<selenium.webdriver.chrome.webdriver.WebDriver (session="ef06da08be432c49cf20e6e11bc0cefb")>
2020-01-10 17:28:39,017 INFO [root] [base.py (base_click:45] - 正在对 ('xpath', "//*[@class='menu']//*[text()='信息管理']") 元素 执行点击操作
2020-01-10 17:28:39,017 INFO [root] [base.py (base_find:24] - 正在查找元素：('xpath', "//*[@class='menu']//*[text()='信息管理']")
2020-01-10 17:28:41,601 INFO [root] [base.py (base_click:45] - 正在对 ('xpath', "//*[@class='menu']//*[text()='内容审核']") 元素 执行点击操作
2020-01-10 17:28:41,601 INFO [root] [base.py (base_find:24] - 正在查找元素：('xpath', "//*[@class='menu']//*[text()='内容审核']")
2020-01-10 17:28:43,740 INFO [root] [base.py (base_find:24] - 正在查找元素：('css selector', "[placeholder='请输入: 文章名称']")
2020-01-10 17:28:43,750 INFO [root] [base.py (base_input:36] - 正在执行清空操作
2020-01-10 17:28:43,769 INFO [root] [base.py (base_input:39] - 正在给 ('css selector', "[placeholder='请输入: 文章名称']") 元素 执行输入操作：新增文章成功
2020-01-10 17:28:45,850 INFO [root] [base.py (base_find:24] - 正在查找元素：('css selector', "[placeholder='请输入: 频道']")
2020-01-10 17:28:45,861 INFO [root] [base.py (base_input:36] - 正在执行清空操作
2020-01-10 17:28:45,881 INFO [root] [base.py (base_input:39] - 正在给 ('css selector', "[placeholder='请输入: 频道']") 元素 执行输入操作：数据库
2020-01-10 17:28:47,921 INFO [root] [base.py (base_click:45] - 正在对 ('xpath', "//*[@placeholder='请选择状态']") 元素 执行点击操作
2020-01-10 17:28:47,922 INFO [root] [base.py (base_find:24] - 正在查找元素：('xpath', "//*[@placeholder='请选择状态']")
2020-01-10 17:28:49,988 INFO [root] [base.py (base_finds:29] - 正在查找元素：('css selector', 'ul>li')
2020-01-10 17:28:52,427 INFO [root] [base.py (base_click:45] - 正在对 ('css selector', '.find') 元素 执行点击操作
2020-01-10 17:28:52,427 INFO [root] [base.py (base_find:24] - 正在查找元素：('css selector', '.find')
2020-01-10 17:28:56,481 INFO [root] [base.py (base_click:45] - 正在对 ('css selector', '.cell>span') 元素 执行点击操作
2020-01-10 17:28:56,481 INFO [root] [base.py (base_find:24] - 正在查找元素：('css selector', '.cell>span')
2020-01-10 17:30:25,496 INFO [root] [base.py (__init__:16] - 正在初始化driver:<selenium.webdriver.chrome.webdriver.WebDriver (session="7af630f8dfbf4594e313e5568a8636d4")>
2020-01-10 17:30:25,496 INFO [root] [base.py (base_find:24] - 正在查找元素：('css selector', "[placeholder='用户名']")
2020-01-10 17:30:25,513 INFO [root] [base.py (base_input:36] - 正在执行清空操作
2020-01-10 17:30:25,548 INFO [root] [base.py (base_input:39] - 正在给 ('css selector', "[placeholder='用户名']") 元素 执行输入操作：testid
2020-01-10 17:30:25,618 INFO [root] [base.py (base_find:24] - 正在查找元素：('css selector', "[placeholder='密码']")
2020-01-10 17:30:25,631 INFO [root] [base.py (base_input:36] - 正在执行清空操作
2020-01-10 17:30:25,653 INFO [root] [base.py (base_input:39] - 正在给 ('css selector', "[placeholder='密码']") 元素 执行输入操作：testpwd123
2020-01-10 17:30:25,712 INFO [root] [base.py (base_click:45] - 正在对 ('css selector', '#inp1') 元素 执行点击操作
2020-01-10 17:30:25,712 INFO [root] [base.py (base_find:24] - 正在查找元素：('css selector', '#inp1')
2020-01-10 17:30:25,759 INFO [root] [base.py (__init__:16] - 正在初始化driver:<selenium.webdriver.chrome.webdriver.WebDriver (session="7af630f8dfbf4594e313e5568a8636d4")>
2020-01-10 17:30:25,759 INFO [root] [base.py (base_click:45] - 正在对 ('xpath', "//*[@class='menu']//*[text()='信息管理']") 元素 执行点击操作
2020-01-10 17:30:25,759 INFO [root] [base.py (base_find:24] - 正在查找元素：('xpath', "//*[@class='menu']//*[text()='信息管理']")
2020-01-10 17:30:28,350 INFO [root] [base.py (base_click:45] - 正在对 ('xpath', "//*[@class='menu']//*[text()='内容审核']") 元素 执行点击操作
2020-01-10 17:30:28,350 INFO [root] [base.py (base_find:24] - 正在查找元素：('xpath', "//*[@class='menu']//*[text()='内容审核']")
2020-01-10 17:30:30,483 INFO [root] [base.py (base_find:24] - 正在查找元素：('css selector', "[placeholder='请输入: 文章名称']")
2020-01-10 17:30:30,493 INFO [root] [base.py (base_input:36] - 正在执行清空操作
2020-01-10 17:30:30,511 INFO [root] [base.py (base_input:39] - 正在给 ('css selector', "[placeholder='请输入: 文章名称']") 元素 执行输入操作：bj-test17-999
2020-01-10 17:30:32,644 INFO [root] [base.py (base_find:24] - 正在查找元素：('css selector', "[placeholder='请输入: 频道']")
2020-01-10 17:30:32,663 INFO [root] [base.py (base_input:36] - 正在执行清空操作
2020-01-10 17:30:32,682 INFO [root] [base.py (base_input:39] - 正在给 ('css selector', "[placeholder='请输入: 频道']") 元素 执行输入操作：数据库
2020-01-10 17:30:34,726 INFO [root] [base.py (base_click:45] - 正在对 ('xpath', "//*[@placeholder='请选择状态']") 元素 执行点击操作
2020-01-10 17:30:34,726 INFO [root] [base.py (base_find:24] - 正在查找元素：('xpath', "//*[@placeholder='请选择状态']")
2020-01-10 17:30:36,782 INFO [root] [base.py (base_finds:29] - 正在查找元素：('css selector', 'ul>li')
2020-01-10 17:30:39,266 INFO [root] [base.py (base_click:45] - 正在对 ('css selector', '.find') 元素 执行点击操作
2020-01-10 17:30:39,266 INFO [root] [base.py (base_find:24] - 正在查找元素：('css selector', '.find')
2020-01-10 17:30:43,330 INFO [root] [base.py (base_click:45] - 正在对 ('css selector', '.cell>span') 元素 执行点击操作
2020-01-10 17:30:43,330 INFO [root] [base.py (base_find:24] - 正在查找元素：('css selector', '.cell>span')
2020-01-10 17:30:43,372 INFO [root] [base.py (base_click:45] - 正在对 ('xpath', "//*[text()='通过']/..") 元素 执行点击操作
2020-01-10 17:30:43,372 INFO [root] [base.py (base_find:24] - 正在查找元素：('xpath', "//*[text()='通过']/..")
2020-01-10 17:30:45,448 INFO [root] [base.py (base_click:45] - 正在对 ('css selector', '.el-button--primary') 元素 执行点击操作
2020-01-10 17:30:45,448 INFO [root] [base.py (base_find:24] - 正在查找元素：('css selector', '.el-button--primary')
2020-01-10 17:30:52,873 INFO [root] [base.py (base_find:24] - 正在查找元素：('css selector', "[placeholder='请输入: 文章名称']")
2020-01-10 17:30:52,884 INFO [root] [base.py (base_input:36] - 正在执行清空操作
2020-01-10 17:30:52,908 INFO [root] [base.py (base_input:39] - 正在给 ('css selector', "[placeholder='请输入: 文章名称']") 元素 执行输入操作：bj-test17-999
2020-01-10 17:30:55,030 INFO [root] [base.py (base_find:24] - 正在查找元素：('css selector', "[placeholder='请输入: 频道']")
2020-01-10 17:30:55,030 INFO [root] [base.py (base_input:36] - 正在执行清空操作
2020-01-10 17:30:55,045 INFO [root] [base.py (base_input:39] - 正在给 ('css selector', "[placeholder='请输入: 频道']") 元素 执行输入操作：数据库
2020-01-10 17:30:57,119 INFO [root] [base.py (base_click:45] - 正在对 ('xpath', "//*[@placeholder='请选择状态']") 元素 执行点击操作
2020-01-10 17:30:57,119 INFO [root] [base.py (base_find:24] - 正在查找元素：('xpath', "//*[@placeholder='请选择状态']")
2020-01-10 17:30:59,183 INFO [root] [base.py (base_finds:29] - 正在查找元素：('css selector', 'ul>li')
2020-01-10 17:30:59,636 INFO [root] [base.py (base_click:45] - 正在对 ('css selector', '.find') 元素 执行点击操作
2020-01-10 17:30:59,636 INFO [root] [base.py (base_find:24] - 正在查找元素：('css selector', '.find')
2020-01-10 17:31:03,724 INFO [root] [base.py (base_find:24] - 正在查找元素：('xpath', "//*[contains(text(),'None')]")
2020-01-10 17:31:06,812 ERROR [root] [test04_mis_audit.py (test_mis_audit:40] - assert False
 +  where False = <bound method PageMisAudit.page_assert_success of <page.page_mis_audit.PageMisAudit object at 0x03DB4670>>(title='bj-test17-999', channel='数据库')
 +    where <bound method PageMisAudit.page_assert_success of <page.page_mis_audit.PageMisAudit object at 0x03DB4670>> = <page.page_mis_audit.PageMisAudit object at 0x03DB4670>.page_assert_success
 +      where <page.page_mis_audit.PageMisAudit object at 0x03DB4670> = <scripts.test04_mis_audit.TestMisAudit object at 0x03DB4AD0>.audit
2020-01-10 17:31:06,812 ERROR [root] [base.py (base_get_img:55] - 出现异常! 正在截图操作
2020-01-10 17:31:07,164 ERROR [root] [base.py (__base_write_img:62] - 异常处理！正在截图写入报告
2020-01-10 17:40:53,113 INFO [root] [base.py (__init__:16] - 正在初始化driver:<selenium.webdriver.chrome.webdriver.WebDriver (session="4f9130829c97542248622ec50f931395")>
2020-01-10 17:40:53,114 INFO [root] [base.py (base_find:24] - 正在查找元素：('css selector', "[placeholder='用户名']")
2020-01-10 17:40:53,129 INFO [root] [base.py (base_input:36] - 正在执行清空操作
2020-01-10 17:40:53,150 INFO [root] [base.py (base_input:39] - 正在给 ('css selector', "[placeholder='用户名']") 元素 执行输入操作：testid
2020-01-10 17:40:53,218 INFO [root] [base.py (base_find:24] - 正在查找元素：('css selector', "[placeholder='密码']")
2020-01-10 17:40:53,234 INFO [root] [base.py (base_input:36] - 正在执行清空操作
2020-01-10 17:40:53,260 INFO [root] [base.py (base_input:39] - 正在给 ('css selector', "[placeholder='密码']") 元素 执行输入操作：testpwd123
2020-01-10 17:40:53,323 INFO [root] [base.py (base_click:45] - 正在对 ('css selector', '#inp1') 元素 执行点击操作
2020-01-10 17:40:53,323 INFO [root] [base.py (base_find:24] - 正在查找元素：('css selector', '#inp1')
2020-01-10 17:40:53,385 INFO [root] [base.py (__init__:16] - 正在初始化driver:<selenium.webdriver.chrome.webdriver.WebDriver (session="4f9130829c97542248622ec50f931395")>
2020-01-10 17:40:53,386 INFO [root] [base.py (base_click:45] - 正在对 ('xpath', "//*[@class='menu']//*[text()='信息管理']") 元素 执行点击操作
2020-01-10 17:40:53,386 INFO [root] [base.py (base_find:24] - 正在查找元素：('xpath', "//*[@class='menu']//*[text()='信息管理']")
2020-01-10 17:40:56,009 INFO [root] [base.py (base_click:45] - 正在对 ('xpath', "//*[@class='menu']//*[text()='内容审核']") 元素 执行点击操作
2020-01-10 17:40:56,009 INFO [root] [base.py (base_find:24] - 正在查找元素：('xpath', "//*[@class='menu']//*[text()='内容审核']")
2020-01-10 17:40:58,122 INFO [root] [base.py (base_find:24] - 正在查找元素：('css selector', "[placeholder='请输入: 文章名称']")
2020-01-10 17:40:58,133 INFO [root] [base.py (base_input:36] - 正在执行清空操作
2020-01-10 17:40:58,151 INFO [root] [base.py (base_input:39] - 正在给 ('css selector', "[placeholder='请输入: 文章名称']") 元素 执行输入操作：bj-test17-999
2020-01-10 17:41:00,291 INFO [root] [base.py (base_find:24] - 正在查找元素：('css selector', "[placeholder='请输入: 频道']")
2020-01-10 17:41:00,300 INFO [root] [base.py (base_input:36] - 正在执行清空操作
2020-01-10 17:41:00,318 INFO [root] [base.py (base_input:39] - 正在给 ('css selector', "[placeholder='请输入: 频道']") 元素 执行输入操作：数据库
2020-01-10 17:41:02,358 INFO [root] [base.py (base_click:45] - 正在对 ('xpath', "//*[@placeholder='请选择状态']") 元素 执行点击操作
2020-01-10 17:41:02,359 INFO [root] [base.py (base_find:24] - 正在查找元素：('xpath', "//*[@placeholder='请选择状态']")
2020-01-10 17:41:04,437 INFO [root] [base.py (base_finds:29] - 正在查找元素：('css selector', 'ul>li')
2020-01-10 17:41:06,870 INFO [root] [base.py (base_click:45] - 正在对 ('css selector', '.find') 元素 执行点击操作
2020-01-10 17:41:06,870 INFO [root] [base.py (base_find:24] - 正在查找元素：('css selector', '.find')
2020-01-10 17:41:10,931 INFO [root] [base.py (base_find:24] - 正在查找元素：('css selector', '.cell>span')
2020-01-10 17:43:52,322 INFO [root] [base.py (__init__:16] - 正在初始化driver:<selenium.webdriver.chrome.webdriver.WebDriver (session="5ba5bf34d1578cb5fcde90f602cba60e")>
2020-01-10 17:43:52,322 INFO [root] [page_mp_login.py (page_mp_login_success:40] - 正在调用自媒体登录成功业务方法,用户名:13812345678 密码:246810
2020-01-10 17:43:52,322 INFO [root] [base.py (base_find:24] - 正在查找元素：('css selector', "[placeholder='请输入手机号']")
2020-01-10 17:43:52,338 INFO [root] [base.py (base_input:36] - 正在执行清空操作
2020-01-10 17:43:52,373 INFO [root] [base.py (base_input:39] - 正在给 ('css selector', "[placeholder='请输入手机号']") 元素 执行输入操作：13812345678
2020-01-10 17:43:52,504 INFO [root] [base.py (base_find:24] - 正在查找元素：('css selector', "[placeholder='验证码']")
2020-01-10 17:43:52,515 INFO [root] [base.py (base_input:36] - 正在执行清空操作
2020-01-10 17:43:52,542 INFO [root] [base.py (base_input:39] - 正在给 ('css selector', "[placeholder='验证码']") 元素 执行输入操作：246810
2020-01-10 17:43:52,635 INFO [root] [base.py (base_click:45] - 正在对 ('css selector', '.el-button--primary') 元素 执行点击操作
2020-01-10 17:43:52,636 INFO [root] [base.py (base_find:24] - 正在查找元素：('css selector', '.el-button--primary')
2020-01-10 17:43:52,707 INFO [root] [base.py (__init__:16] - 正在初始化driver:<selenium.webdriver.chrome.webdriver.WebDriver (session="5ba5bf34d1578cb5fcde90f602cba60e")>
2020-01-10 17:43:55,708 INFO [root] [base.py (base_click:45] - 正在对 ('xpath', "//div[@class='menu-wrapper']//*[text()='内容管理']") 元素 执行点击操作
2020-01-10 17:43:55,708 INFO [root] [base.py (base_find:24] - 正在查找元素：('xpath', "//div[@class='menu-wrapper']//*[text()='内容管理']")
2020-01-10 17:43:57,755 INFO [root] [base.py (base_click:45] - 正在对 ('xpath', "//*[contains(text(),'发布文章')]") 元素 执行点击操作
2020-01-10 17:43:57,755 INFO [root] [base.py (base_find:24] - 正在查找元素：('xpath', "//*[contains(text(),'发布文章')]")
2020-01-10 17:43:59,818 INFO [root] [base.py (base_find:24] - 正在查找元素：('css selector', "[placeholder='文章名称']")
2020-01-10 17:43:59,837 INFO [root] [base.py (base_input:36] - 正在执行清空操作
2020-01-10 17:43:59,854 INFO [root] [base.py (base_input:39] - 正在给 ('css selector', "[placeholder='文章名称']") 元素 执行输入操作：bj-test17-999
2020-01-10 17:44:02,058 INFO [root] [base.py (base_find:24] - 正在查找元素：('css selector', '#publishTinymce_ifr')
2020-01-10 17:44:02,104 INFO [root] [base.py (base_find:24] - 正在查找元素：('css selector', '#tinymce')
2020-01-10 17:44:02,104 INFO [root] [base.py (base_input:36] - 正在执行清空操作
2020-01-10 17:44:02,136 INFO [root] [base.py (base_input:39] - 正在给 ('css selector', '#tinymce') 元素 执行输入操作：今天晚上吃火锅
2020-01-10 17:44:04,258 INFO [root] [base.py (base_click:45] - 正在对 ('xpath', "//*[text()='自动']") 元素 执行点击操作
2020-01-10 17:44:04,258 INFO [root] [base.py (base_find:24] - 正在查找元素：('xpath', "//*[text()='自动']")
2020-01-10 17:44:04,331 INFO [root] [base.py (base_click:45] - 正在对 ('css selector', "[placeholder='请选择']") 元素 执行点击操作
2020-01-10 17:44:04,331 INFO [root] [base.py (base_find:24] - 正在查找元素：('css selector', "[placeholder='请选择']")
2020-01-10 17:44:07,417 INFO [root] [base.py (base_click:45] - 正在对 ('xpath', "//*[text()='数据库']") 元素 执行点击操作
2020-01-10 17:44:07,417 INFO [root] [base.py (base_find:24] - 正在查找元素：('xpath', "//*[text()='数据库']")
2020-01-10 17:44:07,474 INFO [root] [base.py (base_click:45] - 正在对 ('css selector', '.el-button.filter-item.el-button--primary') 元素 执行点击操作
2020-01-10 17:44:07,475 INFO [root] [base.py (base_find:24] - 正在查找元素：('css selector', '.el-button.filter-item.el-button--primary')
2020-01-10 17:44:07,555 INFO [root] [base.py (base_find:24] - 正在查找元素：('xpath', "//*[contains(text(),'成功')]")
2020-01-10 17:44:08,098 INFO [root] [base.py (base_get_text:50] - 正在获取('xpath', "//*[contains(text(),'成功')]")元素文本值：新增文章成功
2020-01-10 17:44:08,098 INFO [root] [base.py (base_find:24] - 正在查找元素：('xpath', "//*[contains(text(),'成功')]")
2020-01-10 17:52:01,044 INFO [root] [base.py (__init__:16] - 正在初始化driver:<selenium.webdriver.chrome.webdriver.WebDriver (session="0372031dd0182646ae8ff13844c3b08b")>
2020-01-10 17:52:01,044 INFO [root] [base.py (base_find:24] - 正在查找元素：('css selector', "[placeholder='用户名']")
2020-01-10 17:52:01,058 INFO [root] [base.py (base_input:36] - 正在执行清空操作
2020-01-10 17:52:01,078 INFO [root] [base.py (base_input:39] - 正在给 ('css selector', "[placeholder='用户名']") 元素 执行输入操作：testid
2020-01-10 17:52:01,137 INFO [root] [base.py (base_find:24] - 正在查找元素：('css selector', "[placeholder='密码']")
2020-01-10 17:52:01,153 INFO [root] [base.py (base_input:36] - 正在执行清空操作
2020-01-10 17:52:01,178 INFO [root] [base.py (base_input:39] - 正在给 ('css selector', "[placeholder='密码']") 元素 执行输入操作：testpwd123
2020-01-10 17:52:01,253 INFO [root] [base.py (base_click:45] - 正在对 ('css selector', '#inp1') 元素 执行点击操作
2020-01-10 17:52:01,253 INFO [root] [base.py (base_find:24] - 正在查找元素：('css selector', '#inp1')
2020-01-10 17:52:01,329 INFO [root] [base.py (__init__:16] - 正在初始化driver:<selenium.webdriver.chrome.webdriver.WebDriver (session="0372031dd0182646ae8ff13844c3b08b")>
2020-01-10 17:52:01,331 INFO [root] [base.py (base_click:45] - 正在对 ('xpath', "//*[@class='menu']//*[text()='信息管理']") 元素 执行点击操作
2020-01-10 17:52:01,331 INFO [root] [base.py (base_find:24] - 正在查找元素：('xpath', "//*[@class='menu']//*[text()='信息管理']")
2020-01-10 17:52:03,935 INFO [root] [base.py (base_click:45] - 正在对 ('xpath', "//*[@class='menu']//*[text()='内容审核']") 元素 执行点击操作
2020-01-10 17:52:03,935 INFO [root] [base.py (base_find:24] - 正在查找元素：('xpath', "//*[@class='menu']//*[text()='内容审核']")
2020-01-10 17:52:06,071 INFO [root] [base.py (base_find:24] - 正在查找元素：('css selector', "[placeholder='请输入: 文章名称']")
2020-01-10 17:52:06,081 INFO [root] [base.py (base_input:36] - 正在执行清空操作
2020-01-10 17:52:06,102 INFO [root] [base.py (base_input:39] - 正在给 ('css selector', "[placeholder='请输入: 文章名称']") 元素 执行输入操作：bj-test17-999
2020-01-10 17:52:08,211 INFO [root] [base.py (base_find:24] - 正在查找元素：('css selector', "[placeholder='请输入: 频道']")
2020-01-10 17:52:08,223 INFO [root] [base.py (base_input:36] - 正在执行清空操作
2020-01-10 17:52:08,240 INFO [root] [base.py (base_input:39] - 正在给 ('css selector', "[placeholder='请输入: 频道']") 元素 执行输入操作：数据库
2020-01-10 17:52:10,281 INFO [root] [base.py (base_click:45] - 正在对 ('xpath', "//*[@placeholder='请选择状态']") 元素 执行点击操作
2020-01-10 17:52:10,281 INFO [root] [base.py (base_find:24] - 正在查找元素：('xpath', "//*[@placeholder='请选择状态']")
2020-01-10 17:52:12,344 INFO [root] [base.py (base_finds:29] - 正在查找元素：('css selector', 'ul>li')
2020-01-10 17:52:14,827 INFO [root] [base.py (base_click:45] - 正在对 ('css selector', '.find') 元素 执行点击操作
2020-01-10 17:52:14,827 INFO [root] [base.py (base_find:24] - 正在查找元素：('css selector', '.find')
2020-01-10 17:52:18,889 INFO [root] [base.py (base_find:24] - 正在查找元素：('css selector', '.cell>span')
2020-01-10 17:52:18,910 INFO [root] [base.py (base_get_text:50] - 正在获取('css selector', '.cell>span')元素文本值：1215570394132512768
2020-01-10 17:52:18,910 INFO [root] [base.py (base_find:24] - 正在查找元素：('css selector', '.cell>span')
2020-01-10 17:52:18,925 INFO [root] [base.py (base_click:45] - 正在对 ('xpath', "//*[text()='通过']/..") 元素 执行点击操作
2020-01-10 17:52:18,925 INFO [root] [base.py (base_find:24] - 正在查找元素：('xpath', "//*[text()='通过']/..")
2020-01-10 17:52:21,003 INFO [root] [base.py (base_click:45] - 正在对 ('css selector', '.el-button--primary') 元素 执行点击操作
2020-01-10 17:52:21,003 INFO [root] [base.py (base_find:24] - 正在查找元素：('css selector', '.el-button--primary')
2020-01-10 17:52:28,453 INFO [root] [base.py (base_find:24] - 正在查找元素：('css selector', "[placeholder='请输入: 文章名称']")
2020-01-10 17:52:28,468 INFO [root] [base.py (base_input:36] - 正在执行清空操作
2020-01-10 17:52:28,495 INFO [root] [base.py (base_input:39] - 正在给 ('css selector', "[placeholder='请输入: 文章名称']") 元素 执行输入操作：bj-test17-999
2020-01-10 17:52:30,617 INFO [root] [base.py (base_find:24] - 正在查找元素：('css selector', "[placeholder='请输入: 频道']")
2020-01-10 17:52:30,627 INFO [root] [base.py (base_input:36] - 正在执行清空操作
2020-01-10 17:52:30,645 INFO [root] [base.py (base_input:39] - 正在给 ('css selector', "[placeholder='请输入: 频道']") 元素 执行输入操作：数据库
2020-01-10 17:52:32,691 INFO [root] [base.py (base_click:45] - 正在对 ('xpath', "//*[@placeholder='请选择状态']") 元素 执行点击操作
2020-01-10 17:52:32,691 INFO [root] [base.py (base_find:24] - 正在查找元素：('xpath', "//*[@placeholder='请选择状态']")
2020-01-10 17:52:34,760 INFO [root] [base.py (base_finds:29] - 正在查找元素：('css selector', 'ul>li')
2020-01-10 17:52:35,229 INFO [root] [base.py (base_click:45] - 正在对 ('css selector', '.find') 元素 执行点击操作
2020-01-10 17:52:35,229 INFO [root] [base.py (base_find:24] - 正在查找元素：('css selector', '.find')
2020-01-10 17:52:39,312 INFO [root] [base.py (base_find:24] - 正在查找元素：('xpath', "//*[contains(text(),'1215570394132512768')]")
